#! /usr/bin/vvp
:ivl_version "12.0 (stable)";
:ivl_delay_selection "TYPICAL";
:vpi_time_precision - 12;
:vpi_module "/usr/lib/x86_64-linux-gnu/ivl/system.vpi";
:vpi_module "/usr/lib/x86_64-linux-gnu/ivl/vhdl_sys.vpi";
:vpi_module "/usr/lib/x86_64-linux-gnu/ivl/vhdl_textio.vpi";
:vpi_module "/usr/lib/x86_64-linux-gnu/ivl/v2005_math.vpi";
:vpi_module "/usr/lib/x86_64-linux-gnu/ivl/va_math.vpi";
:vpi_module "/usr/lib/x86_64-linux-gnu/ivl/v2009.vpi";
S_0x60bf4191a490 .scope package, "$unit" "$unit" 2 1;
 .timescale 0 0;
S_0x60bf4191a620 .scope module, "tb_data_mem" "tb_data_mem" 3 3;
 .timescale -9 -12;
v0x60bf419815b0_0 .var "ALUResult", 31 0;
v0x60bf419816c0_0 .var "ByteEnable", 3 0;
v0x60bf41981790_0 .var "MemWrite", 0 0;
v0x60bf41981890_0 .net "ReadData", 31 0, L_0x60bf41992120;  1 drivers
v0x60bf41981960_0 .var "WriteData", 31 0;
v0x60bf41981a50_0 .var "clk", 0 0;
S_0x60bf4195cd40 .scope task, "check_read" "check_read" 3 44, 3 44 0, S_0x60bf4191a620;
 .timescale -9 -12;
v0x60bf41943db0_0 .var "addr", 31 0;
v0x60bf4197fe80_0 .var "expected", 31 0;
v0x60bf4197ff60_0 .var/str "name";
TD_tb_data_mem.check_read ;
    %load/vec4 v0x60bf41943db0_0;
    %store/vec4 v0x60bf419815b0_0, 0, 32;
    %delay 1000, 0;
    %load/vec4 v0x60bf41981890_0;
    %load/vec4 v0x60bf4197fe80_0;
    %cmp/ne;
    %jmp/0xz  T_0.0, 6;
    %vpi_call/w 3 53 "$display", "ERROR en %s", v0x60bf4197ff60_0 {0 0 0};
    %vpi_call/w 3 54 "$display", "  addr     = %h", v0x60bf41943db0_0 {0 0 0};
    %vpi_call/w 3 55 "$display", "  esperado = %h", v0x60bf4197fe80_0 {0 0 0};
    %vpi_call/w 3 56 "$display", "  obtenido = %h", v0x60bf41981890_0 {0 0 0};
    %jmp T_0.1;
T_0.0 ;
    %vpi_call/w 3 58 "$display", "OK: %s -> ReadData=%h", v0x60bf4197ff60_0, v0x60bf41981890_0 {0 0 0};
T_0.1 ;
    %end;
S_0x60bf41980000 .scope module, "dut" "data_mem" 3 12, 4 1 0, S_0x60bf4191a620;
 .timescale -9 -12;
    .port_info 0 /INPUT 1 "clk";
    .port_info 1 /INPUT 1 "MemWrite";
    .port_info 2 /INPUT 32 "ALUResult";
    .port_info 3 /INPUT 32 "WriteData";
    .port_info 4 /INPUT 4 "ByteEnable";
    .port_info 5 /OUTPUT 32 "ReadData";
v0x60bf419802c0_0 .net "ALUResult", 31 0, v0x60bf419815b0_0;  1 drivers
v0x60bf419803c0_0 .net "ByteEnable", 3 0, v0x60bf419816c0_0;  1 drivers
v0x60bf419804a0_0 .net "MemWrite", 0 0, v0x60bf41981790_0;  1 drivers
v0x60bf41980540_0 .net "ReadData", 31 0, L_0x60bf41992120;  alias, 1 drivers
v0x60bf41980620_0 .net "WriteData", 31 0, v0x60bf41981960_0;  1 drivers
v0x60bf41980750_0 .net *"_ivl_1", 29 0, L_0x60bf41981b20;  1 drivers
v0x60bf41980830_0 .net *"_ivl_10", 31 0, L_0x60bf41991f30;  1 drivers
v0x60bf41980910_0 .net *"_ivl_13", 29 0, L_0x60bf41992000;  1 drivers
L_0x72887b86e0a8 .functor BUFT 1, C4<00000000000000000000000000000000>, C4<0>, C4<0>, C4<0>;
v0x60bf419809f0_0 .net/2u *"_ivl_14", 31 0, L_0x72887b86e0a8;  1 drivers
v0x60bf41980ad0_0 .net *"_ivl_2", 31 0, L_0x60bf41981c40;  1 drivers
L_0x72887b86e018 .functor BUFT 1, C4<00>, C4<0>, C4<0>, C4<0>;
v0x60bf41980bb0_0 .net *"_ivl_5", 1 0, L_0x72887b86e018;  1 drivers
L_0x72887b86e060 .functor BUFT 1, C4<00000000000000000000000100000000>, C4<0>, C4<0>, C4<0>;
v0x60bf41980c90_0 .net/2u *"_ivl_6", 31 0, L_0x72887b86e060;  1 drivers
v0x60bf41980d70_0 .net *"_ivl_8", 0 0, L_0x60bf41991dc0;  1 drivers
v0x60bf41980e30_0 .net "clk", 0 0, v0x60bf41981a50_0;  1 drivers
v0x60bf41980ef0 .array "mem", 255 0, 31 0;
E_0x60bf4195df80 .event posedge, v0x60bf41980e30_0;
L_0x60bf41981b20 .part v0x60bf419815b0_0, 2, 30;
L_0x60bf41981c40 .concat [ 30 2 0 0], L_0x60bf41981b20, L_0x72887b86e018;
L_0x60bf41991dc0 .cmp/gt 32, L_0x72887b86e060, L_0x60bf41981c40;
L_0x60bf41991f30 .array/port v0x60bf41980ef0, L_0x60bf41992000;
L_0x60bf41992000 .part v0x60bf419815b0_0, 2, 30;
L_0x60bf41992120 .functor MUXZ 32, L_0x72887b86e0a8, L_0x60bf41991f30, L_0x60bf41991dc0, C4<>;
S_0x60bf41981070 .scope task, "write_mem" "write_mem" 3 23, 3 23 0, S_0x60bf4191a620;
 .timescale -9 -12;
v0x60bf41981220_0 .var "addr", 31 0;
v0x60bf41981320_0 .var "be", 3 0;
v0x60bf41981400_0 .var "data", 31 0;
v0x60bf419814f0_0 .var/str "name";
E_0x60bf4195e830 .event negedge, v0x60bf41980e30_0;
TD_tb_data_mem.write_mem ;
    %wait E_0x60bf4195e830;
    %load/vec4 v0x60bf41981220_0;
    %store/vec4 v0x60bf419815b0_0, 0, 32;
    %load/vec4 v0x60bf41981400_0;
    %store/vec4 v0x60bf41981960_0, 0, 32;
    %load/vec4 v0x60bf41981320_0;
    %store/vec4 v0x60bf419816c0_0, 0, 4;
    %pushi/vec4 1, 0, 1;
    %store/vec4 v0x60bf41981790_0, 0, 1;
    %wait E_0x60bf4195e830;
    %pushi/vec4 0, 0, 1;
    %store/vec4 v0x60bf41981790_0, 0, 1;
    %delay 1000, 0;
    %vpi_call/w 3 39 "$display", "WRITE %s: addr=%h data=%h BE=%b ReadData=%h", v0x60bf419814f0_0, v0x60bf41981220_0, v0x60bf41981400_0, v0x60bf41981320_0, v0x60bf41981890_0 {0 0 0};
    %end;
    .scope S_0x60bf41980000;
T_2 ;
    %wait E_0x60bf4195df80;
    %load/vec4 v0x60bf419804a0_0;
    %flag_set/vec4 9;
    %flag_get/vec4 9;
    %jmp/0 T_2.2, 9;
    %load/vec4 v0x60bf419802c0_0;
    %parti/s 30, 2, 3;
    %pad/u 32;
    %cmpi/u 256, 0, 32;
    %flag_get/vec4 5;
    %and;
T_2.2;
    %flag_set/vec4 8;
    %jmp/0xz  T_2.0, 8;
    %load/vec4 v0x60bf419803c0_0;
    %parti/s 1, 0, 2;
    %flag_set/vec4 8;
    %jmp/0xz  T_2.3, 8;
    %load/vec4 v0x60bf41980620_0;
    %parti/s 8, 0, 2;
    %load/vec4 v0x60bf419802c0_0;
    %parti/s 30, 2, 3;
    %ix/vec4 3;
    %ix/load 4, 0, 0; Constant delay
    %assign/vec4/a/d v0x60bf41980ef0, 0, 4;
T_2.3 ;
    %load/vec4 v0x60bf419803c0_0;
    %parti/s 1, 1, 2;
    %flag_set/vec4 8;
    %jmp/0xz  T_2.5, 8;
    %load/vec4 v0x60bf41980620_0;
    %parti/s 8, 8, 5;
    %load/vec4 v0x60bf419802c0_0;
    %parti/s 30, 2, 3;
    %ix/vec4 3;
    %ix/load 4, 8, 0; part off
    %ix/load 5, 0, 0; Constant delay
    %assign/vec4/a/d v0x60bf41980ef0, 4, 5;
T_2.5 ;
    %load/vec4 v0x60bf419803c0_0;
    %parti/s 1, 2, 3;
    %flag_set/vec4 8;
    %jmp/0xz  T_2.7, 8;
    %load/vec4 v0x60bf41980620_0;
    %parti/s 8, 16, 6;
    %load/vec4 v0x60bf419802c0_0;
    %parti/s 30, 2, 3;
    %ix/vec4 3;
    %ix/load 4, 16, 0; part off
    %ix/load 5, 0, 0; Constant delay
    %assign/vec4/a/d v0x60bf41980ef0, 4, 5;
T_2.7 ;
    %load/vec4 v0x60bf419803c0_0;
    %parti/s 1, 3, 3;
    %flag_set/vec4 8;
    %jmp/0xz  T_2.9, 8;
    %load/vec4 v0x60bf41980620_0;
    %parti/s 8, 24, 6;
    %load/vec4 v0x60bf419802c0_0;
    %parti/s 30, 2, 3;
    %ix/vec4 3;
    %ix/load 4, 24, 0; part off
    %ix/load 5, 0, 0; Constant delay
    %assign/vec4/a/d v0x60bf41980ef0, 4, 5;
T_2.9 ;
T_2.0 ;
    %jmp T_2;
    .thread T_2;
    .scope S_0x60bf4191a620;
T_3 ;
    %delay 5000, 0;
    %load/vec4 v0x60bf41981a50_0;
    %inv;
    %store/vec4 v0x60bf41981a50_0, 0, 1;
    %jmp T_3;
    .thread T_3;
    .scope S_0x60bf4191a620;
T_4 ;
    %pushi/vec4 0, 0, 1;
    %store/vec4 v0x60bf41981a50_0, 0, 1;
    %pushi/vec4 0, 0, 1;
    %store/vec4 v0x60bf41981790_0, 0, 1;
    %pushi/vec4 0, 0, 32;
    %store/vec4 v0x60bf419815b0_0, 0, 32;
    %pushi/vec4 0, 0, 32;
    %store/vec4 v0x60bf41981960_0, 0, 32;
    %pushi/vec4 0, 0, 4;
    %store/vec4 v0x60bf419816c0_0, 0, 4;
    %vpi_call/w 3 70 "$display", "===== TB DATA MEM =====" {0 0 0};
    %pushi/vec4 0, 0, 32;
    %store/vec4 v0x60bf41981220_0, 0, 32;
    %pushi/vec4 2864434397, 0, 32;
    %store/vec4 v0x60bf41981400_0, 0, 32;
    %pushi/vec4 15, 0, 4;
    %store/vec4 v0x60bf41981320_0, 0, 4;
    %pushi/str "sw addr 0";
    %store/str v0x60bf419814f0_0;
    %fork TD_tb_data_mem.write_mem, S_0x60bf41981070;
    %join;
    %pushi/vec4 0, 0, 32;
    %store/vec4 v0x60bf41943db0_0, 0, 32;
    %pushi/vec4 2864434397, 0, 32;
    %store/vec4 v0x60bf4197fe80_0, 0, 32;
    %pushi/str "read after sw";
    %store/str v0x60bf4197ff60_0;
    %fork TD_tb_data_mem.check_read, S_0x60bf4195cd40;
    %join;
    %pushi/vec4 0, 0, 32;
    %store/vec4 v0x60bf41981220_0, 0, 32;
    %pushi/vec4 17, 0, 32;
    %store/vec4 v0x60bf41981400_0, 0, 32;
    %pushi/vec4 1, 0, 4;
    %store/vec4 v0x60bf41981320_0, 0, 4;
    %pushi/str "sb offset 0";
    %store/str v0x60bf419814f0_0;
    %fork TD_tb_data_mem.write_mem, S_0x60bf41981070;
    %join;
    %pushi/vec4 0, 0, 32;
    %store/vec4 v0x60bf41943db0_0, 0, 32;
    %pushi/vec4 2864434193, 0, 32;
    %store/vec4 v0x60bf4197fe80_0, 0, 32;
    %pushi/str "read after sb offset 0";
    %store/str v0x60bf4197ff60_0;
    %fork TD_tb_data_mem.check_read, S_0x60bf4195cd40;
    %join;
    %pushi/vec4 0, 0, 32;
    %store/vec4 v0x60bf41981220_0, 0, 32;
    %pushi/vec4 8704, 0, 32;
    %store/vec4 v0x60bf41981400_0, 0, 32;
    %pushi/vec4 2, 0, 4;
    %store/vec4 v0x60bf41981320_0, 0, 4;
    %pushi/str "sb offset 1";
    %store/str v0x60bf419814f0_0;
    %fork TD_tb_data_mem.write_mem, S_0x60bf41981070;
    %join;
    %pushi/vec4 0, 0, 32;
    %store/vec4 v0x60bf41943db0_0, 0, 32;
    %pushi/vec4 2864390673, 0, 32;
    %store/vec4 v0x60bf4197fe80_0, 0, 32;
    %pushi/str "read after sb offset 1";
    %store/str v0x60bf4197ff60_0;
    %fork TD_tb_data_mem.check_read, S_0x60bf4195cd40;
    %join;
    %pushi/vec4 0, 0, 32;
    %store/vec4 v0x60bf41981220_0, 0, 32;
    %pushi/vec4 860094464, 0, 32;
    %store/vec4 v0x60bf41981400_0, 0, 32;
    %pushi/vec4 12, 0, 4;
    %store/vec4 v0x60bf41981320_0, 0, 4;
    %pushi/str "sh offset 2";
    %store/str v0x60bf419814f0_0;
    %fork TD_tb_data_mem.write_mem, S_0x60bf41981070;
    %join;
    %pushi/vec4 0, 0, 32;
    %store/vec4 v0x60bf41943db0_0, 0, 32;
    %pushi/vec4 860103185, 0, 32;
    %store/vec4 v0x60bf4197fe80_0, 0, 32;
    %pushi/str "read after sh offset 2";
    %store/str v0x60bf4197ff60_0;
    %fork TD_tb_data_mem.check_read, S_0x60bf4195cd40;
    %join;
    %pushi/vec4 0, 0, 32;
    %store/vec4 v0x60bf41981220_0, 0, 32;
    %pushi/vec4 21862, 0, 32;
    %store/vec4 v0x60bf41981400_0, 0, 32;
    %pushi/vec4 3, 0, 4;
    %store/vec4 v0x60bf41981320_0, 0, 4;
    %pushi/str "sh offset 0";
    %store/str v0x60bf419814f0_0;
    %fork TD_tb_data_mem.write_mem, S_0x60bf41981070;
    %join;
    %pushi/vec4 0, 0, 32;
    %store/vec4 v0x60bf41943db0_0, 0, 32;
    %pushi/vec4 860116326, 0, 32;
    %store/vec4 v0x60bf4197fe80_0, 0, 32;
    %pushi/str "read after sh offset 0";
    %store/str v0x60bf4197ff60_0;
    %fork TD_tb_data_mem.check_read, S_0x60bf4195cd40;
    %join;
    %pushi/vec4 4, 0, 32;
    %store/vec4 v0x60bf41981220_0, 0, 32;
    %pushi/vec4 305419896, 0, 32;
    %store/vec4 v0x60bf41981400_0, 0, 32;
    %pushi/vec4 15, 0, 4;
    %store/vec4 v0x60bf41981320_0, 0, 4;
    %pushi/str "sw addr 4";
    %store/str v0x60bf419814f0_0;
    %fork TD_tb_data_mem.write_mem, S_0x60bf41981070;
    %join;
    %pushi/vec4 4, 0, 32;
    %store/vec4 v0x60bf41943db0_0, 0, 32;
    %pushi/vec4 305419896, 0, 32;
    %store/vec4 v0x60bf4197fe80_0, 0, 32;
    %pushi/str "read addr 4";
    %store/str v0x60bf4197ff60_0;
    %fork TD_tb_data_mem.check_read, S_0x60bf4195cd40;
    %join;
    %pushi/vec4 0, 0, 32;
    %store/vec4 v0x60bf41943db0_0, 0, 32;
    %pushi/vec4 860116326, 0, 32;
    %store/vec4 v0x60bf4197fe80_0, 0, 32;
    %pushi/str "addr 0 preserved";
    %store/str v0x60bf4197ff60_0;
    %fork TD_tb_data_mem.check_read, S_0x60bf4195cd40;
    %join;
    %vpi_call/w 3 115 "$display", "===== FIN TB DATA MEM =====" {0 0 0};
    %vpi_call/w 3 116 "$finish" {0 0 0};
    %end;
    .thread T_4;
# The file index is used to find the file name in the following table.
:file_names 5;
    "N/A";
    "<interactive>";
    "-";
    "tb/data_mem_tb.sv";
    "src/data_mem.sv";
