#! /usr/bin/vvp
:ivl_version "12.0 (stable)";
:ivl_delay_selection "TYPICAL";
:vpi_time_precision - 12;
:vpi_module "/usr/lib/x86_64-linux-gnu/ivl/system.vpi";
:vpi_module "/usr/lib/x86_64-linux-gnu/ivl/vhdl_sys.vpi";
:vpi_module "/usr/lib/x86_64-linux-gnu/ivl/vhdl_textio.vpi";
:vpi_module "/usr/lib/x86_64-linux-gnu/ivl/v2005_math.vpi";
:vpi_module "/usr/lib/x86_64-linux-gnu/ivl/va_math.vpi";
:vpi_module "/usr/lib/x86_64-linux-gnu/ivl/v2009.vpi";
S_0x63d34ac9f510 .scope package, "$unit" "$unit" 2 1;
 .timescale 0 0;
S_0x63d34ac70490 .scope module, "tb_load_unit" "tb_load_unit" 3 3;
 .timescale -9 -12;
v0x63d34acd3b60_0 .var "alu_result", 31 0;
v0x63d34acd3c40_0 .net "load_data", 31 0, v0x63d34acd37f0_0;  1 drivers
v0x63d34acd3ce0_0 .var "load_type", 2 0;
v0x63d34acd3d80_0 .var "read_data", 31 0;
S_0x63d34ac70620 .scope task, "check" "check" 3 17, 3 17 0, S_0x63d34ac70490;
 .timescale -9 -12;
v0x63d34ac707b0_0 .var "addr", 31 0;
v0x63d34acd2ee0_0 .var "data", 31 0;
v0x63d34acd2fc0_0 .var "expected", 31 0;
v0x63d34acd3080_0 .var "lt", 2 0;
v0x63d34acd3160_0 .var/str "name";
TD_tb_load_unit.check ;
    %load/vec4 v0x63d34acd3080_0;
    %store/vec4 v0x63d34acd3ce0_0, 0, 3;
    %load/vec4 v0x63d34ac707b0_0;
    %store/vec4 v0x63d34acd3b60_0, 0, 32;
    %load/vec4 v0x63d34acd2ee0_0;
    %store/vec4 v0x63d34acd3d80_0, 0, 32;
    %delay 1000, 0;
    %load/vec4 v0x63d34acd3c40_0;
    %load/vec4 v0x63d34acd2fc0_0;
    %cmp/ne;
    %jmp/0xz  T_0.0, 6;
    %vpi_call/w 3 30 "$display", "ERROR en %s", v0x63d34acd3160_0 {0 0 0};
    %vpi_call/w 3 31 "$display", "  read_data  = %h", v0x63d34acd3d80_0 {0 0 0};
    %vpi_call/w 3 32 "$display", "  alu_result = %h", v0x63d34acd3b60_0 {0 0 0};
    %vpi_call/w 3 33 "$display", "  load_type  = %b", v0x63d34acd3ce0_0 {0 0 0};
    %vpi_call/w 3 34 "$display", "  esperado   = %h", v0x63d34acd2fc0_0 {0 0 0};
    %vpi_call/w 3 35 "$display", "  obtenido   = %h", v0x63d34acd3c40_0 {0 0 0};
    %jmp T_0.1;
T_0.0 ;
    %vpi_call/w 3 37 "$display", "OK: %s -> %h", v0x63d34acd3160_0, v0x63d34acd3c40_0 {0 0 0};
T_0.1 ;
    %end;
S_0x63d34acd3270 .scope module, "dut" "load_unit" 3 10, 4 1 0, S_0x63d34ac70490;
 .timescale -9 -12;
    .port_info 0 /INPUT 32 "read_data";
    .port_info 1 /INPUT 3 "load_type";
    .port_info 2 /INPUT 32 "alu_result";
    .port_info 3 /OUTPUT 32 "load_data";
v0x63d34acd3550_0 .net "alu_result", 31 0, v0x63d34acd3b60_0;  1 drivers
v0x63d34acd3650_0 .var "byte_selected", 7 0;
v0x63d34acd3730_0 .var "half_selected", 15 0;
v0x63d34acd37f0_0 .var "load_data", 31 0;
v0x63d34acd38d0_0 .net "load_type", 2 0, v0x63d34acd3ce0_0;  1 drivers
v0x63d34acd3a00_0 .net "read_data", 31 0, v0x63d34acd3d80_0;  1 drivers
E_0x63d34acb33c0/0 .event anyedge, v0x63d34acd3550_0, v0x63d34acd3a00_0, v0x63d34acd3a00_0, v0x63d34acd3a00_0;
E_0x63d34acb33c0/1 .event anyedge, v0x63d34acd3a00_0, v0x63d34acd3550_0, v0x63d34acd3a00_0, v0x63d34acd3a00_0;
E_0x63d34acb33c0/2 .event anyedge, v0x63d34acd38d0_0, v0x63d34acd3650_0, v0x63d34acd3730_0, v0x63d34acd3a00_0;
E_0x63d34acb33c0 .event/or E_0x63d34acb33c0/0, E_0x63d34acb33c0/1, E_0x63d34acb33c0/2;
    .scope S_0x63d34acd3270;
T_1 ;
Ewait_0 .event/or E_0x63d34acb33c0, E_0x0;
    %wait Ewait_0;
    %load/vec4 v0x63d34acd3550_0;
    %parti/s 2, 0, 2;
    %dup/vec4;
    %pushi/vec4 0, 0, 2;
    %cmp/u;
    %jmp/1 T_1.0, 6;
    %dup/vec4;
    %pushi/vec4 1, 0, 2;
    %cmp/u;
    %jmp/1 T_1.1, 6;
    %dup/vec4;
    %pushi/vec4 2, 0, 2;
    %cmp/u;
    %jmp/1 T_1.2, 6;
    %dup/vec4;
    %pushi/vec4 3, 0, 2;
    %cmp/u;
    %jmp/1 T_1.3, 6;
    %pushi/vec4 0, 0, 8;
    %store/vec4 v0x63d34acd3650_0, 0, 8;
    %jmp T_1.5;
T_1.0 ;
    %load/vec4 v0x63d34acd3a00_0;
    %parti/s 8, 0, 2;
    %store/vec4 v0x63d34acd3650_0, 0, 8;
    %jmp T_1.5;
T_1.1 ;
    %load/vec4 v0x63d34acd3a00_0;
    %parti/s 8, 8, 5;
    %store/vec4 v0x63d34acd3650_0, 0, 8;
    %jmp T_1.5;
T_1.2 ;
    %load/vec4 v0x63d34acd3a00_0;
    %parti/s 8, 16, 6;
    %store/vec4 v0x63d34acd3650_0, 0, 8;
    %jmp T_1.5;
T_1.3 ;
    %load/vec4 v0x63d34acd3a00_0;
    %parti/s 8, 24, 6;
    %store/vec4 v0x63d34acd3650_0, 0, 8;
    %jmp T_1.5;
T_1.5 ;
    %pop/vec4 1;
    %load/vec4 v0x63d34acd3550_0;
    %parti/s 1, 1, 2;
    %dup/vec4;
    %pushi/vec4 0, 0, 1;
    %cmp/u;
    %jmp/1 T_1.6, 6;
    %dup/vec4;
    %pushi/vec4 1, 0, 1;
    %cmp/u;
    %jmp/1 T_1.7, 6;
    %pushi/vec4 0, 0, 16;
    %store/vec4 v0x63d34acd3730_0, 0, 16;
    %jmp T_1.9;
T_1.6 ;
    %load/vec4 v0x63d34acd3a00_0;
    %parti/s 16, 0, 2;
    %store/vec4 v0x63d34acd3730_0, 0, 16;
    %jmp T_1.9;
T_1.7 ;
    %load/vec4 v0x63d34acd3a00_0;
    %parti/s 16, 16, 6;
    %store/vec4 v0x63d34acd3730_0, 0, 16;
    %jmp T_1.9;
T_1.9 ;
    %pop/vec4 1;
    %load/vec4 v0x63d34acd38d0_0;
    %dup/vec4;
    %pushi/vec4 0, 0, 3;
    %cmp/u;
    %jmp/1 T_1.10, 6;
    %dup/vec4;
    %pushi/vec4 1, 0, 3;
    %cmp/u;
    %jmp/1 T_1.11, 6;
    %dup/vec4;
    %pushi/vec4 2, 0, 3;
    %cmp/u;
    %jmp/1 T_1.12, 6;
    %dup/vec4;
    %pushi/vec4 4, 0, 3;
    %cmp/u;
    %jmp/1 T_1.13, 6;
    %dup/vec4;
    %pushi/vec4 5, 0, 3;
    %cmp/u;
    %jmp/1 T_1.14, 6;
    %pushi/vec4 0, 0, 32;
    %store/vec4 v0x63d34acd37f0_0, 0, 32;
    %jmp T_1.16;
T_1.10 ;
    %load/vec4 v0x63d34acd3650_0;
    %parti/s 1, 7, 4;
    %replicate 24;
    %load/vec4 v0x63d34acd3650_0;
    %concat/vec4; draw_concat_vec4
    %store/vec4 v0x63d34acd37f0_0, 0, 32;
    %jmp T_1.16;
T_1.11 ;
    %load/vec4 v0x63d34acd3730_0;
    %parti/s 1, 15, 5;
    %replicate 16;
    %load/vec4 v0x63d34acd3730_0;
    %concat/vec4; draw_concat_vec4
    %store/vec4 v0x63d34acd37f0_0, 0, 32;
    %jmp T_1.16;
T_1.12 ;
    %load/vec4 v0x63d34acd3a00_0;
    %store/vec4 v0x63d34acd37f0_0, 0, 32;
    %jmp T_1.16;
T_1.13 ;
    %pushi/vec4 0, 0, 24;
    %load/vec4 v0x63d34acd3650_0;
    %concat/vec4; draw_concat_vec4
    %store/vec4 v0x63d34acd37f0_0, 0, 32;
    %jmp T_1.16;
T_1.14 ;
    %pushi/vec4 0, 0, 16;
    %load/vec4 v0x63d34acd3730_0;
    %concat/vec4; draw_concat_vec4
    %store/vec4 v0x63d34acd37f0_0, 0, 32;
    %jmp T_1.16;
T_1.16 ;
    %pop/vec4 1;
    %jmp T_1;
    .thread T_1, $push;
    .scope S_0x63d34ac70490;
T_2 ;
    %vpi_call/w 3 43 "$display", "===== TB LOAD UNIT =====" {0 0 0};
    %pushi/vec4 2155872001, 0, 32;
    %store/vec4 v0x63d34acd3d80_0, 0, 32;
    %pushi/vec4 0, 0, 3;
    %store/vec4 v0x63d34acd3080_0, 0, 3;
    %pushi/vec4 0, 0, 32;
    %store/vec4 v0x63d34ac707b0_0, 0, 32;
    %pushi/vec4 2155872001, 0, 32;
    %store/vec4 v0x63d34acd2ee0_0, 0, 32;
    %pushi/vec4 1, 0, 32;
    %store/vec4 v0x63d34acd2fc0_0, 0, 32;
    %pushi/str "lb offset 0";
    %store/str v0x63d34acd3160_0;
    %fork TD_tb_load_unit.check, S_0x63d34ac70620;
    %join;
    %pushi/vec4 0, 0, 3;
    %store/vec4 v0x63d34acd3080_0, 0, 3;
    %pushi/vec4 1, 0, 32;
    %store/vec4 v0x63d34ac707b0_0, 0, 32;
    %pushi/vec4 2155872001, 0, 32;
    %store/vec4 v0x63d34acd2ee0_0, 0, 32;
    %pushi/vec4 4294967295, 0, 32;
    %store/vec4 v0x63d34acd2fc0_0, 0, 32;
    %pushi/str "lb offset 1";
    %store/str v0x63d34acd3160_0;
    %fork TD_tb_load_unit.check, S_0x63d34ac70620;
    %join;
    %pushi/vec4 0, 0, 3;
    %store/vec4 v0x63d34acd3080_0, 0, 3;
    %pushi/vec4 2, 0, 32;
    %store/vec4 v0x63d34ac707b0_0, 0, 32;
    %pushi/vec4 2155872001, 0, 32;
    %store/vec4 v0x63d34acd2ee0_0, 0, 32;
    %pushi/vec4 127, 0, 32;
    %store/vec4 v0x63d34acd2fc0_0, 0, 32;
    %pushi/str "lb offset 2";
    %store/str v0x63d34acd3160_0;
    %fork TD_tb_load_unit.check, S_0x63d34ac70620;
    %join;
    %pushi/vec4 0, 0, 3;
    %store/vec4 v0x63d34acd3080_0, 0, 3;
    %pushi/vec4 3, 0, 32;
    %store/vec4 v0x63d34ac707b0_0, 0, 32;
    %pushi/vec4 2155872001, 0, 32;
    %store/vec4 v0x63d34acd2ee0_0, 0, 32;
    %pushi/vec4 4294967168, 0, 32;
    %store/vec4 v0x63d34acd2fc0_0, 0, 32;
    %pushi/str "lb offset 3";
    %store/str v0x63d34acd3160_0;
    %fork TD_tb_load_unit.check, S_0x63d34ac70620;
    %join;
    %pushi/vec4 4, 0, 3;
    %store/vec4 v0x63d34acd3080_0, 0, 3;
    %pushi/vec4 0, 0, 32;
    %store/vec4 v0x63d34ac707b0_0, 0, 32;
    %pushi/vec4 2155872001, 0, 32;
    %store/vec4 v0x63d34acd2ee0_0, 0, 32;
    %pushi/vec4 1, 0, 32;
    %store/vec4 v0x63d34acd2fc0_0, 0, 32;
    %pushi/str "lbu offset 0";
    %store/str v0x63d34acd3160_0;
    %fork TD_tb_load_unit.check, S_0x63d34ac70620;
    %join;
    %pushi/vec4 4, 0, 3;
    %store/vec4 v0x63d34acd3080_0, 0, 3;
    %pushi/vec4 1, 0, 32;
    %store/vec4 v0x63d34ac707b0_0, 0, 32;
    %pushi/vec4 2155872001, 0, 32;
    %store/vec4 v0x63d34acd2ee0_0, 0, 32;
    %pushi/vec4 255, 0, 32;
    %store/vec4 v0x63d34acd2fc0_0, 0, 32;
    %pushi/str "lbu offset 1";
    %store/str v0x63d34acd3160_0;
    %fork TD_tb_load_unit.check, S_0x63d34ac70620;
    %join;
    %pushi/vec4 4, 0, 3;
    %store/vec4 v0x63d34acd3080_0, 0, 3;
    %pushi/vec4 2, 0, 32;
    %store/vec4 v0x63d34ac707b0_0, 0, 32;
    %pushi/vec4 2155872001, 0, 32;
    %store/vec4 v0x63d34acd2ee0_0, 0, 32;
    %pushi/vec4 127, 0, 32;
    %store/vec4 v0x63d34acd2fc0_0, 0, 32;
    %pushi/str "lbu offset 2";
    %store/str v0x63d34acd3160_0;
    %fork TD_tb_load_unit.check, S_0x63d34ac70620;
    %join;
    %pushi/vec4 4, 0, 3;
    %store/vec4 v0x63d34acd3080_0, 0, 3;
    %pushi/vec4 3, 0, 32;
    %store/vec4 v0x63d34ac707b0_0, 0, 32;
    %pushi/vec4 2155872001, 0, 32;
    %store/vec4 v0x63d34acd2ee0_0, 0, 32;
    %pushi/vec4 128, 0, 32;
    %store/vec4 v0x63d34acd2fc0_0, 0, 32;
    %pushi/str "lbu offset 3";
    %store/str v0x63d34acd3160_0;
    %fork TD_tb_load_unit.check, S_0x63d34ac70620;
    %join;
    %pushi/vec4 1, 0, 3;
    %store/vec4 v0x63d34acd3080_0, 0, 3;
    %pushi/vec4 0, 0, 32;
    %store/vec4 v0x63d34ac707b0_0, 0, 32;
    %pushi/vec4 2155872001, 0, 32;
    %store/vec4 v0x63d34acd2ee0_0, 0, 32;
    %pushi/vec4 4294967041, 0, 32;
    %store/vec4 v0x63d34acd2fc0_0, 0, 32;
    %pushi/str "lh offset 0";
    %store/str v0x63d34acd3160_0;
    %fork TD_tb_load_unit.check, S_0x63d34ac70620;
    %join;
    %pushi/vec4 1, 0, 3;
    %store/vec4 v0x63d34acd3080_0, 0, 3;
    %pushi/vec4 2, 0, 32;
    %store/vec4 v0x63d34ac707b0_0, 0, 32;
    %pushi/vec4 2155872001, 0, 32;
    %store/vec4 v0x63d34acd2ee0_0, 0, 32;
    %pushi/vec4 4294934655, 0, 32;
    %store/vec4 v0x63d34acd2fc0_0, 0, 32;
    %pushi/str "lh offset 2";
    %store/str v0x63d34acd3160_0;
    %fork TD_tb_load_unit.check, S_0x63d34ac70620;
    %join;
    %pushi/vec4 5, 0, 3;
    %store/vec4 v0x63d34acd3080_0, 0, 3;
    %pushi/vec4 0, 0, 32;
    %store/vec4 v0x63d34ac707b0_0, 0, 32;
    %pushi/vec4 2155872001, 0, 32;
    %store/vec4 v0x63d34acd2ee0_0, 0, 32;
    %pushi/vec4 65281, 0, 32;
    %store/vec4 v0x63d34acd2fc0_0, 0, 32;
    %pushi/str "lhu offset 0";
    %store/str v0x63d34acd3160_0;
    %fork TD_tb_load_unit.check, S_0x63d34ac70620;
    %join;
    %pushi/vec4 5, 0, 3;
    %store/vec4 v0x63d34acd3080_0, 0, 3;
    %pushi/vec4 2, 0, 32;
    %store/vec4 v0x63d34ac707b0_0, 0, 32;
    %pushi/vec4 2155872001, 0, 32;
    %store/vec4 v0x63d34acd2ee0_0, 0, 32;
    %pushi/vec4 32895, 0, 32;
    %store/vec4 v0x63d34acd2fc0_0, 0, 32;
    %pushi/str "lhu offset 2";
    %store/str v0x63d34acd3160_0;
    %fork TD_tb_load_unit.check, S_0x63d34ac70620;
    %join;
    %pushi/vec4 2, 0, 3;
    %store/vec4 v0x63d34acd3080_0, 0, 3;
    %pushi/vec4 0, 0, 32;
    %store/vec4 v0x63d34ac707b0_0, 0, 32;
    %pushi/vec4 2155872001, 0, 32;
    %store/vec4 v0x63d34acd2ee0_0, 0, 32;
    %pushi/vec4 2155872001, 0, 32;
    %store/vec4 v0x63d34acd2fc0_0, 0, 32;
    %pushi/str "lw";
    %store/str v0x63d34acd3160_0;
    %fork TD_tb_load_unit.check, S_0x63d34ac70620;
    %join;
    %vpi_call/w 3 87 "$display", "===== FIN TB LOAD UNIT =====" {0 0 0};
    %vpi_call/w 3 88 "$finish" {0 0 0};
    %end;
    .thread T_2;
# The file index is used to find the file name in the following table.
:file_names 5;
    "N/A";
    "<interactive>";
    "-";
    "tb/load_unit_tb.sv";
    "src/load_unit.sv";
