#! /usr/bin/vvp
:ivl_version "12.0 (stable)";
:ivl_delay_selection "TYPICAL";
:vpi_time_precision - 12;
:vpi_module "/usr/lib/x86_64-linux-gnu/ivl/system.vpi";
:vpi_module "/usr/lib/x86_64-linux-gnu/ivl/vhdl_sys.vpi";
:vpi_module "/usr/lib/x86_64-linux-gnu/ivl/vhdl_textio.vpi";
:vpi_module "/usr/lib/x86_64-linux-gnu/ivl/v2005_math.vpi";
:vpi_module "/usr/lib/x86_64-linux-gnu/ivl/va_math.vpi";
:vpi_module "/usr/lib/x86_64-linux-gnu/ivl/v2009.vpi";
S_0x64d6048856c0 .scope package, "$unit" "$unit" 2 1;
 .timescale 0 0;
S_0x64d604853490 .scope module, "tb_register_file" "tb_register_file" 3 3;
 .timescale -9 -12;
v0x64d6048b9d30_0 .var "A1", 4 0;
v0x64d6048b9e10_0 .var "A2", 4 0;
v0x64d6048b9eb0_0 .var "A3", 4 0;
v0x64d6048b9f80_0 .net "RD1", 31 0, L_0x64d6048ca7a0;  1 drivers
v0x64d6048ba050_0 .net "RD2", 31 0, L_0x64d6048cad60;  1 drivers
v0x64d6048ba140_0 .var "WD3", 31 0;
v0x64d6048ba210_0 .var "WE3", 0 0;
v0x64d6048ba2e0_0 .var "clk", 0 0;
S_0x64d604853620 .scope task, "check_read" "check_read" 3 44, 3 44 0, S_0x64d604853490;
 .timescale -9 -12;
v0x64d604887d20_0 .var "addr1", 4 0;
v0x64d604888290_0 .var "addr2", 4 0;
v0x64d60487e280_0 .var "expected1", 31 0;
v0x64d6048b80c0_0 .var "expected2", 31 0;
v0x64d6048b81a0_0 .var/str "name";
TD_tb_register_file.check_read ;
    %load/vec4 v0x64d604887d20_0;
    %store/vec4 v0x64d6048b9d30_0, 0, 5;
    %load/vec4 v0x64d604888290_0;
    %store/vec4 v0x64d6048b9e10_0, 0, 5;
    %delay 1000, 0;
    %load/vec4 v0x64d6048b9f80_0;
    %load/vec4 v0x64d60487e280_0;
    %cmp/ne;
    %jmp/1 T_0.2, 6;
    %flag_mov 8, 6;
    %load/vec4 v0x64d6048ba050_0;
    %load/vec4 v0x64d6048b80c0_0;
    %cmp/ne;
    %flag_or 6, 8;
T_0.2;
    %jmp/0xz  T_0.0, 6;
    %vpi_call/w 3 56 "$display", "ERROR en %s", v0x64d6048b81a0_0 {0 0 0};
    %vpi_call/w 3 57 "$display", "  A1=%0d esperado RD1=%h obtenido RD1=%h", v0x64d604887d20_0, v0x64d60487e280_0, v0x64d6048b9f80_0 {0 0 0};
    %vpi_call/w 3 58 "$display", "  A2=%0d esperado RD2=%h obtenido RD2=%h", v0x64d604888290_0, v0x64d6048b80c0_0, v0x64d6048ba050_0 {0 0 0};
    %jmp T_0.1;
T_0.0 ;
    %vpi_call/w 3 60 "$display", "OK: %s -> RD1=%h RD2=%h", v0x64d6048b81a0_0, v0x64d6048b9f80_0, v0x64d6048ba050_0 {0 0 0};
T_0.1 ;
    %end;
S_0x64d6048b82b0 .scope module, "dut" "register_file" 3 14, 4 1 0, S_0x64d604853490;
 .timescale -9 -12;
    .port_info 0 /INPUT 1 "clk";
    .port_info 1 /INPUT 1 "WE3";
    .port_info 2 /INPUT 5 "A1";
    .port_info 3 /INPUT 5 "A2";
    .port_info 4 /INPUT 5 "A3";
    .port_info 5 /INPUT 32 "WD3";
    .port_info 6 /OUTPUT 32 "RD1";
    .port_info 7 /OUTPUT 32 "RD2";
v0x64d6048b85f0_0 .net "A1", 4 0, v0x64d6048b9d30_0;  1 drivers
v0x64d6048b86f0_0 .net "A2", 4 0, v0x64d6048b9e10_0;  1 drivers
v0x64d6048b87d0_0 .net "A3", 4 0, v0x64d6048b9eb0_0;  1 drivers
v0x64d6048b8890_0 .net "RD1", 31 0, L_0x64d6048ca7a0;  alias, 1 drivers
v0x64d6048b8970_0 .net "RD2", 31 0, L_0x64d6048cad60;  alias, 1 drivers
v0x64d6048b8aa0_0 .net "WD3", 31 0, v0x64d6048ba140_0;  1 drivers
v0x64d6048b8b80_0 .net "WE3", 0 0, v0x64d6048ba210_0;  1 drivers
L_0x7715ea5b7018 .functor BUFT 1, C4<00000>, C4<0>, C4<0>, C4<0>;
v0x64d6048b8c40_0 .net/2u *"_ivl_0", 4 0, L_0x7715ea5b7018;  1 drivers
L_0x7715ea5b70a8 .functor BUFT 1, C4<00>, C4<0>, C4<0>, C4<0>;
v0x64d6048b8d20_0 .net *"_ivl_11", 1 0, L_0x7715ea5b70a8;  1 drivers
L_0x7715ea5b70f0 .functor BUFT 1, C4<00000>, C4<0>, C4<0>, C4<0>;
v0x64d6048b8e00_0 .net/2u *"_ivl_14", 4 0, L_0x7715ea5b70f0;  1 drivers
v0x64d6048b8ee0_0 .net *"_ivl_16", 0 0, L_0x64d6048ca9b0;  1 drivers
L_0x7715ea5b7138 .functor BUFT 1, C4<00000000000000000000000000000000>, C4<0>, C4<0>, C4<0>;
v0x64d6048b8fa0_0 .net/2u *"_ivl_18", 31 0, L_0x7715ea5b7138;  1 drivers
v0x64d6048b9080_0 .net *"_ivl_2", 0 0, L_0x64d6048ba3e0;  1 drivers
v0x64d6048b9140_0 .net *"_ivl_20", 31 0, L_0x64d6048cab40;  1 drivers
v0x64d6048b9220_0 .net *"_ivl_22", 6 0, L_0x64d6048cac20;  1 drivers
L_0x7715ea5b7180 .functor BUFT 1, C4<00>, C4<0>, C4<0>, C4<0>;
v0x64d6048b9300_0 .net *"_ivl_25", 1 0, L_0x7715ea5b7180;  1 drivers
L_0x7715ea5b7060 .functor BUFT 1, C4<00000000000000000000000000000000>, C4<0>, C4<0>, C4<0>;
v0x64d6048b93e0_0 .net/2u *"_ivl_4", 31 0, L_0x7715ea5b7060;  1 drivers
v0x64d6048b94c0_0 .net *"_ivl_6", 31 0, L_0x64d6048ca560;  1 drivers
v0x64d6048b95a0_0 .net *"_ivl_8", 6 0, L_0x64d6048ca660;  1 drivers
v0x64d6048b9680_0 .net "clk", 0 0, v0x64d6048ba2e0_0;  1 drivers
v0x64d6048b9740 .array "regs", 31 0, 31 0;
E_0x64d604898bb0 .event posedge, v0x64d6048b9680_0;
L_0x64d6048ba3e0 .cmp/eq 5, v0x64d6048b9d30_0, L_0x7715ea5b7018;
L_0x64d6048ca560 .array/port v0x64d6048b9740, L_0x64d6048ca660;
L_0x64d6048ca660 .concat [ 5 2 0 0], v0x64d6048b9d30_0, L_0x7715ea5b70a8;
L_0x64d6048ca7a0 .functor MUXZ 32, L_0x64d6048ca560, L_0x7715ea5b7060, L_0x64d6048ba3e0, C4<>;
L_0x64d6048ca9b0 .cmp/eq 5, v0x64d6048b9e10_0, L_0x7715ea5b70f0;
L_0x64d6048cab40 .array/port v0x64d6048b9740, L_0x64d6048cac20;
L_0x64d6048cac20 .concat [ 5 2 0 0], v0x64d6048b9e10_0, L_0x7715ea5b7180;
L_0x64d6048cad60 .functor MUXZ 32, L_0x64d6048cab40, L_0x7715ea5b7138, L_0x64d6048ca9b0, C4<>;
S_0x64d6048b9900 .scope task, "write_reg" "write_reg" 3 27, 3 27 0, S_0x64d604853490;
 .timescale -9 -12;
v0x64d6048b9ab0_0 .var "addr", 4 0;
v0x64d6048b9bb0_0 .var "data", 31 0;
v0x64d6048b9c90_0 .var/str "name";
E_0x64d6048982d0 .event negedge, v0x64d6048b9680_0;
TD_tb_register_file.write_reg ;
    %wait E_0x64d6048982d0;
    %load/vec4 v0x64d6048b9ab0_0;
    %store/vec4 v0x64d6048b9eb0_0, 0, 5;
    %load/vec4 v0x64d6048b9bb0_0;
    %store/vec4 v0x64d6048ba140_0, 0, 32;
    %pushi/vec4 1, 0, 1;
    %store/vec4 v0x64d6048ba210_0, 0, 1;
    %wait E_0x64d6048982d0;
    %pushi/vec4 0, 0, 1;
    %store/vec4 v0x64d6048ba210_0, 0, 1;
    %vpi_call/w 3 40 "$display", "WRITE %s: x%0d = %h", v0x64d6048b9c90_0, v0x64d6048b9ab0_0, v0x64d6048b9bb0_0 {0 0 0};
    %end;
    .scope S_0x64d6048b82b0;
T_2 ;
    %wait E_0x64d604898bb0;
    %load/vec4 v0x64d6048b8b80_0;
    %flag_set/vec4 9;
    %flag_get/vec4 9;
    %jmp/0 T_2.2, 9;
    %load/vec4 v0x64d6048b87d0_0;
    %pushi/vec4 0, 0, 5;
    %cmp/ne;
    %flag_get/vec4 4;
    %and;
T_2.2;
    %flag_set/vec4 8;
    %jmp/0xz  T_2.0, 8;
    %load/vec4 v0x64d6048b8aa0_0;
    %load/vec4 v0x64d6048b87d0_0;
    %pad/u 7;
    %ix/vec4 3;
    %ix/load 4, 0, 0; Constant delay
    %assign/vec4/a/d v0x64d6048b9740, 0, 4;
T_2.0 ;
    %jmp T_2;
    .thread T_2;
    .scope S_0x64d604853490;
T_3 ;
    %delay 5000, 0;
    %load/vec4 v0x64d6048ba2e0_0;
    %inv;
    %store/vec4 v0x64d6048ba2e0_0, 0, 1;
    %jmp T_3;
    .thread T_3;
    .scope S_0x64d604853490;
T_4 ;
    %pushi/vec4 0, 0, 1;
    %store/vec4 v0x64d6048ba2e0_0, 0, 1;
    %pushi/vec4 0, 0, 1;
    %store/vec4 v0x64d6048ba210_0, 0, 1;
    %pushi/vec4 0, 0, 5;
    %store/vec4 v0x64d6048b9d30_0, 0, 5;
    %pushi/vec4 0, 0, 5;
    %store/vec4 v0x64d6048b9e10_0, 0, 5;
    %pushi/vec4 0, 0, 5;
    %store/vec4 v0x64d6048b9eb0_0, 0, 5;
    %pushi/vec4 0, 0, 32;
    %store/vec4 v0x64d6048ba140_0, 0, 32;
    %vpi_call/w 3 73 "$display", "===== TB REGISTER FILE =====" {0 0 0};
    %pushi/vec4 1, 0, 5;
    %store/vec4 v0x64d6048b9ab0_0, 0, 5;
    %pushi/vec4 10, 0, 32;
    %store/vec4 v0x64d6048b9bb0_0, 0, 32;
    %pushi/str "x1 = 10";
    %store/str v0x64d6048b9c90_0;
    %fork TD_tb_register_file.write_reg, S_0x64d6048b9900;
    %join;
    %pushi/vec4 2, 0, 5;
    %store/vec4 v0x64d6048b9ab0_0, 0, 5;
    %pushi/vec4 20, 0, 32;
    %store/vec4 v0x64d6048b9bb0_0, 0, 32;
    %pushi/str "x2 = 20";
    %store/str v0x64d6048b9c90_0;
    %fork TD_tb_register_file.write_reg, S_0x64d6048b9900;
    %join;
    %pushi/vec4 5, 0, 5;
    %store/vec4 v0x64d6048b9ab0_0, 0, 5;
    %pushi/vec4 2864434397, 0, 32;
    %store/vec4 v0x64d6048b9bb0_0, 0, 32;
    %pushi/str "x5 = AABBCCDD";
    %store/str v0x64d6048b9c90_0;
    %fork TD_tb_register_file.write_reg, S_0x64d6048b9900;
    %join;
    %pushi/vec4 1, 0, 5;
    %store/vec4 v0x64d604887d20_0, 0, 5;
    %pushi/vec4 2, 0, 5;
    %store/vec4 v0x64d604888290_0, 0, 5;
    %pushi/vec4 10, 0, 32;
    %store/vec4 v0x64d60487e280_0, 0, 32;
    %pushi/vec4 20, 0, 32;
    %store/vec4 v0x64d6048b80c0_0, 0, 32;
    %pushi/str "leer x1 y x2";
    %store/str v0x64d6048b81a0_0;
    %fork TD_tb_register_file.check_read, S_0x64d604853620;
    %join;
    %pushi/vec4 5, 0, 5;
    %store/vec4 v0x64d604887d20_0, 0, 5;
    %pushi/vec4 1, 0, 5;
    %store/vec4 v0x64d604888290_0, 0, 5;
    %pushi/vec4 2864434397, 0, 32;
    %store/vec4 v0x64d60487e280_0, 0, 32;
    %pushi/vec4 10, 0, 32;
    %store/vec4 v0x64d6048b80c0_0, 0, 32;
    %pushi/str "leer x5 y x1";
    %store/str v0x64d6048b81a0_0;
    %fork TD_tb_register_file.check_read, S_0x64d604853620;
    %join;
    %pushi/vec4 0, 0, 5;
    %store/vec4 v0x64d604887d20_0, 0, 5;
    %pushi/vec4 2, 0, 5;
    %store/vec4 v0x64d604888290_0, 0, 5;
    %pushi/vec4 0, 0, 32;
    %store/vec4 v0x64d60487e280_0, 0, 32;
    %pushi/vec4 20, 0, 32;
    %store/vec4 v0x64d6048b80c0_0, 0, 32;
    %pushi/str "leer x0 y x2";
    %store/str v0x64d6048b81a0_0;
    %fork TD_tb_register_file.check_read, S_0x64d604853620;
    %join;
    %pushi/vec4 0, 0, 5;
    %store/vec4 v0x64d6048b9ab0_0, 0, 5;
    %pushi/vec4 4294967295, 0, 32;
    %store/vec4 v0x64d6048b9bb0_0, 0, 32;
    %pushi/str "intento escribir x0";
    %store/str v0x64d6048b9c90_0;
    %fork TD_tb_register_file.write_reg, S_0x64d6048b9900;
    %join;
    %pushi/vec4 0, 0, 5;
    %store/vec4 v0x64d604887d20_0, 0, 5;
    %pushi/vec4 1, 0, 5;
    %store/vec4 v0x64d604888290_0, 0, 5;
    %pushi/vec4 0, 0, 32;
    %store/vec4 v0x64d60487e280_0, 0, 32;
    %pushi/vec4 10, 0, 32;
    %store/vec4 v0x64d6048b80c0_0, 0, 32;
    %pushi/str "x0 sigue en cero";
    %store/str v0x64d6048b81a0_0;
    %fork TD_tb_register_file.check_read, S_0x64d604853620;
    %join;
    %wait E_0x64d6048982d0;
    %pushi/vec4 3, 0, 5;
    %store/vec4 v0x64d6048b9eb0_0, 0, 5;
    %pushi/vec4 305419896, 0, 32;
    %store/vec4 v0x64d6048ba140_0, 0, 32;
    %pushi/vec4 0, 0, 1;
    %store/vec4 v0x64d6048ba210_0, 0, 1;
    %wait E_0x64d6048982d0;
    %pushi/vec4 3, 0, 5;
    %store/vec4 v0x64d604887d20_0, 0, 5;
    %pushi/vec4 1, 0, 5;
    %store/vec4 v0x64d604888290_0, 0, 5;
    %pushi/vec4 4294967295, 4294967295, 32;
    %store/vec4 v0x64d60487e280_0, 0, 32;
    %pushi/vec4 10, 0, 32;
    %store/vec4 v0x64d6048b80c0_0, 0, 32;
    %pushi/str "x3 no escrito con WE3=0";
    %store/str v0x64d6048b81a0_0;
    %fork TD_tb_register_file.check_read, S_0x64d604853620;
    %join;
    %vpi_call/w 3 102 "$display", "===== FIN TB REGISTER FILE =====" {0 0 0};
    %vpi_call/w 3 103 "$finish" {0 0 0};
    %end;
    .thread T_4;
# The file index is used to find the file name in the following table.
:file_names 5;
    "N/A";
    "<interactive>";
    "-";
    "tb/register_file_tb.sv";
    "src/register_file.sv";
