#! /usr/bin/vvp
:ivl_version "12.0 (stable)";
:ivl_delay_selection "TYPICAL";
:vpi_time_precision + 0;
:vpi_module "/usr/lib/x86_64-linux-gnu/ivl/system.vpi";
:vpi_module "/usr/lib/x86_64-linux-gnu/ivl/vhdl_sys.vpi";
:vpi_module "/usr/lib/x86_64-linux-gnu/ivl/vhdl_textio.vpi";
:vpi_module "/usr/lib/x86_64-linux-gnu/ivl/v2005_math.vpi";
:vpi_module "/usr/lib/x86_64-linux-gnu/ivl/va_math.vpi";
:vpi_module "/usr/lib/x86_64-linux-gnu/ivl/v2009.vpi";
S_0x562bc2d7ba60 .scope package, "$unit" "$unit" 2 1;
 .timescale 0 0;
S_0x562bc2d84690 .scope module, "riscv_top_tb" "riscv_top_tb" 3 4;
 .timescale 0 0;
v0x562bc2dbb190_0 .var "clk", 0 0;
v0x562bc2dbb230_0 .var "rst", 0 0;
S_0x562bc2d70d30 .scope task, "check" "check" 3 19, 3 19 0, S_0x562bc2d84690;
 .timescale 0 0;
v0x562bc2d7f940_0 .var "esperado", 31 0;
v0x562bc2d71dd0_0 .var/str "nombre";
v0x562bc2dae680_0 .var "obtenido", 31 0;
TD_riscv_top_tb.check ;
    %load/vec4 v0x562bc2dae680_0;
    %load/vec4 v0x562bc2d7f940_0;
    %cmp/e;
    %jmp/0xz  T_0.0, 4;
    %vpi_call/w 3 25 "$display", "PASS: %s | obtenido=%0d (0x%h)", v0x562bc2d71dd0_0, v0x562bc2dae680_0, v0x562bc2dae680_0 {0 0 0};
    %jmp T_0.1;
T_0.0 ;
    %vpi_call/w 3 27 "$display", "FAIL: %s | esperado=%0d (0x%h) obtenido=%0d (0x%h)", v0x562bc2d71dd0_0, v0x562bc2d7f940_0, v0x562bc2d7f940_0, v0x562bc2dae680_0, v0x562bc2dae680_0 {0 0 0};
T_0.1 ;
    %end;
S_0x562bc2dae740 .scope module, "dut" "riscv_top" 3 10, 4 4 0, S_0x562bc2d84690;
 .timescale 0 0;
    .port_info 0 /INPUT 1 "clk";
    .port_info 1 /INPUT 1 "rst";
L_0x749d7ad86018 .functor BUFT 1, C4<00000000000000000000000000000100>, C4<0>, C4<0>, C4<0>;
v0x562bc2db9110_0 .net/2u *"_ivl_0", 31 0, L_0x749d7ad86018;  1 drivers
v0x562bc2db9210_0 .net *"_ivl_23", 6 0, L_0x562bc2dcd600;  1 drivers
L_0x749d7ad86258 .functor BUFT 1, C4<0110111>, C4<0>, C4<0>, C4<0>;
v0x562bc2db92f0_0 .net/2u *"_ivl_24", 6 0, L_0x749d7ad86258;  1 drivers
v0x562bc2db93b0_0 .net *"_ivl_26", 0 0, L_0x562bc2dcd730;  1 drivers
L_0x749d7ad862a0 .functor BUFT 1, C4<00000000000000000000000000000000>, C4<0>, C4<0>, C4<0>;
v0x562bc2db9470_0 .net/2u *"_ivl_28", 31 0, L_0x749d7ad862a0;  1 drivers
v0x562bc2db95a0_0 .net "alu_control", 3 0, v0x562bc2daf780_0;  1 drivers
v0x562bc2db9660_0 .net "alu_result", 31 0, v0x562bc2daec90_0;  1 drivers
v0x562bc2db9720_0 .net "alu_src", 0 0, L_0x562bc2dcbb40;  1 drivers
v0x562bc2db97c0_0 .net "byte_enable", 3 0, v0x562bc2db8cb0_0;  1 drivers
v0x562bc2db9880_0 .net "clk", 0 0, v0x562bc2dbb190_0;  1 drivers
v0x562bc2db9920_0 .net "imm_ext", 31 0, v0x562bc2db39e0_0;  1 drivers
v0x562bc2db9a30_0 .net "imm_src", 2 0, L_0x562bc2dcba10;  1 drivers
v0x562bc2db9af0_0 .net "instr", 31 0, L_0x562bc2dcb380;  1 drivers
v0x562bc2db9bb0_0 .net "load_data", 31 0, v0x562bc2db4bb0_0;  1 drivers
v0x562bc2db9ca0_0 .net "load_type", 2 0, v0x562bc2db0ab0_0;  1 drivers
v0x562bc2db9d60_0 .net "mem_write", 0 0, L_0x562bc2dcbc70;  1 drivers
v0x562bc2db9e00_0 .net "pc", 31 0, v0x562bc2db6f00_0;  1 drivers
v0x562bc2dba020_0 .net "pc_next", 31 0, L_0x562bc2dce990;  1 drivers
v0x562bc2dba130_0 .net "pc_plus4", 31 0, L_0x562bc2dcb2e0;  1 drivers
v0x562bc2dba240_0 .net "pc_src", 1 0, v0x562bc2db1e40_0;  1 drivers
v0x562bc2dba350_0 .net "pc_target", 31 0, L_0x562bc2dcb440;  1 drivers
v0x562bc2dba410_0 .net "rd1", 31 0, L_0x562bc2dcc9c0;  1 drivers
v0x562bc2dba4b0_0 .net "rd2", 31 0, L_0x562bc2dccf00;  1 drivers
v0x562bc2dba550_0 .net "read_data", 31 0, L_0x562bc2dce070;  1 drivers
v0x562bc2dba660_0 .net "reg_write", 0 0, L_0x562bc2dcb8e0;  1 drivers
v0x562bc2dba700_0 .net "result", 31 0, L_0x562bc2dce510;  1 drivers
v0x562bc2dba810_0 .net "result_src", 1 0, L_0x562bc2dcbe30;  1 drivers
v0x562bc2dba8d0_0 .net "rst", 0 0, v0x562bc2dbb230_0;  1 drivers
v0x562bc2dba970_0 .net "src_a", 31 0, L_0x562bc2dcd840;  1 drivers
v0x562bc2dbaa10_0 .net "src_b", 31 0, L_0x562bc2dcd560;  1 drivers
v0x562bc2dbab00_0 .net "store_type", 1 0, v0x562bc2db0df0_0;  1 drivers
v0x562bc2dbabc0_0 .net "write_data", 31 0, v0x562bc2db8e90_0;  1 drivers
v0x562bc2dbacd0_0 .net "zero", 0 0, L_0x562bc2dcd980;  1 drivers
L_0x562bc2dcb2e0 .arith/sum 32, v0x562bc2db6f00_0, L_0x749d7ad86018;
L_0x562bc2dcb440 .arith/sum 32, v0x562bc2db6f00_0, v0x562bc2db39e0_0;
L_0x562bc2dcc350 .part L_0x562bc2dcb380, 0, 7;
L_0x562bc2dcc3f0 .part L_0x562bc2dcb380, 12, 3;
L_0x562bc2dcc520 .part L_0x562bc2dcb380, 30, 1;
L_0x562bc2dcc5c0 .part v0x562bc2daec90_0, 0, 1;
L_0x562bc2dcd120 .part L_0x562bc2dcb380, 15, 5;
L_0x562bc2dcd1c0 .part L_0x562bc2dcb380, 20, 5;
L_0x562bc2dcd2b0 .part L_0x562bc2dcb380, 7, 5;
L_0x562bc2dcd460 .part L_0x562bc2dcb380, 7, 25;
L_0x562bc2dcd600 .part L_0x562bc2dcb380, 0, 7;
L_0x562bc2dcd730 .cmp/eq 7, L_0x562bc2dcd600, L_0x749d7ad86258;
L_0x562bc2dcd840 .functor MUXZ 32, L_0x562bc2dcc9c0, L_0x749d7ad862a0, L_0x562bc2dcd730, C4<>;
S_0x562bc2dae940 .scope module, "alu_unit" "alu" 4 134, 5 4 0, S_0x562bc2dae740;
 .timescale 0 0;
    .port_info 0 /INPUT 32 "SrcA";
    .port_info 1 /INPUT 32 "SrcB";
    .port_info 2 /INPUT 4 "ALUControl";
    .port_info 3 /OUTPUT 32 "ALUResult";
    .port_info 4 /OUTPUT 1 "Zero";
v0x562bc2daeb90_0 .net "ALUControl", 3 0, v0x562bc2daf780_0;  alias, 1 drivers
v0x562bc2daec90_0 .var "ALUResult", 31 0;
v0x562bc2daed70_0 .net "SrcA", 31 0, L_0x562bc2dcd840;  alias, 1 drivers
v0x562bc2daee30_0 .net "SrcB", 31 0, L_0x562bc2dcd560;  alias, 1 drivers
v0x562bc2daef10_0 .net "Zero", 0 0, L_0x562bc2dcd980;  alias, 1 drivers
L_0x749d7ad862e8 .functor BUFT 1, C4<00000000000000000000000000000000>, C4<0>, C4<0>, C4<0>;
v0x562bc2daf020_0 .net/2u *"_ivl_0", 31 0, L_0x749d7ad862e8;  1 drivers
E_0x562bc2d11e80 .event anyedge, v0x562bc2daeb90_0, v0x562bc2daed70_0, v0x562bc2daee30_0, v0x562bc2daee30_0;
L_0x562bc2dcd980 .cmp/eq 32, v0x562bc2daec90_0, L_0x749d7ad862e8;
S_0x562bc2daf1a0 .scope module, "ctrl" "control_unit" 4 84, 6 1 0, S_0x562bc2dae740;
 .timescale 0 0;
    .port_info 0 /INPUT 7 "op";
    .port_info 1 /INPUT 3 "funct3";
    .port_info 2 /INPUT 1 "funct7b5";
    .port_info 3 /INPUT 1 "zero";
    .port_info 4 /INPUT 1 "alu_result0";
    .port_info 5 /OUTPUT 2 "pc_src";
    .port_info 6 /OUTPUT 2 "result_src";
    .port_info 7 /OUTPUT 1 "mem_write";
    .port_info 8 /OUTPUT 4 "alu_control";
    .port_info 9 /OUTPUT 1 "alu_src";
    .port_info 10 /OUTPUT 3 "imm_src";
    .port_info 11 /OUTPUT 1 "reg_write";
    .port_info 12 /OUTPUT 3 "load_type";
    .port_info 13 /OUTPUT 2 "store_type";
v0x562bc2db13b0_0 .net "alu_control", 3 0, v0x562bc2daf780_0;  alias, 1 drivers
v0x562bc2db14e0_0 .net "alu_op", 1 0, L_0x562bc2dcc0e0;  1 drivers
v0x562bc2db15f0_0 .net "alu_result0", 0 0, L_0x562bc2dcc5c0;  1 drivers
v0x562bc2db1690_0 .net "alu_src", 0 0, L_0x562bc2dcbb40;  alias, 1 drivers
v0x562bc2db1730_0 .net "branch", 0 0, L_0x562bc2dcbf60;  1 drivers
v0x562bc2db1820_0 .net "branch_taken", 0 0, v0x562bc2db0010_0;  1 drivers
v0x562bc2db18c0_0 .net "funct3", 2 0, L_0x562bc2dcc3f0;  1 drivers
v0x562bc2db1960_0 .net "funct7b5", 0 0, L_0x562bc2dcc520;  1 drivers
v0x562bc2db1a30_0 .net "imm_src", 2 0, L_0x562bc2dcba10;  alias, 1 drivers
v0x562bc2db1b00_0 .net "jump", 0 0, L_0x562bc2dcc040;  1 drivers
v0x562bc2db1bd0_0 .net "load_type", 2 0, v0x562bc2db0ab0_0;  alias, 1 drivers
v0x562bc2db1ca0_0 .net "mem_write", 0 0, L_0x562bc2dcbc70;  alias, 1 drivers
v0x562bc2db1d70_0 .net "op", 6 0, L_0x562bc2dcc350;  1 drivers
v0x562bc2db1e40_0 .var "pc_src", 1 0;
v0x562bc2db1ee0_0 .net "reg_write", 0 0, L_0x562bc2dcb8e0;  alias, 1 drivers
v0x562bc2db1fb0_0 .net "result_src", 1 0, L_0x562bc2dcbe30;  alias, 1 drivers
v0x562bc2db2080_0 .net "store_type", 1 0, v0x562bc2db0df0_0;  alias, 1 drivers
v0x562bc2db2150_0 .net "zero", 0 0, L_0x562bc2dcd980;  alias, 1 drivers
E_0x562bc2d12a90 .event anyedge, v0x562bc2db09a0_0, v0x562bc2db1150_0, v0x562bc2db07f0_0, v0x562bc2db0010_0;
L_0x562bc2dcc2b0 .part L_0x562bc2dcc350, 5, 1;
S_0x562bc2daf530 .scope module, "alu_decoder" "alu_deco" 6 41, 7 1 0, S_0x562bc2daf1a0;
 .timescale 0 0;
    .port_info 0 /INPUT 1 "opb5";
    .port_info 1 /INPUT 3 "funct3";
    .port_info 2 /INPUT 1 "funct7b5";
    .port_info 3 /INPUT 2 "ALUOp";
    .port_info 4 /OUTPUT 4 "ALUControl";
L_0x562bc2dcc240 .functor AND 1, L_0x562bc2dcc520, L_0x562bc2dcc2b0, C4<1>, C4<1>;
v0x562bc2daf780_0 .var "ALUControl", 3 0;
v0x562bc2daf860_0 .net "ALUOp", 1 0, L_0x562bc2dcc0e0;  alias, 1 drivers
v0x562bc2daf920_0 .net "RtypeSub", 0 0, L_0x562bc2dcc240;  1 drivers
v0x562bc2daf9c0_0 .net "funct3", 2 0, L_0x562bc2dcc3f0;  alias, 1 drivers
v0x562bc2dafaa0_0 .net "funct7b5", 0 0, L_0x562bc2dcc520;  alias, 1 drivers
v0x562bc2dafbb0_0 .net "opb5", 0 0, L_0x562bc2dcc2b0;  1 drivers
E_0x562bc2ceeb60 .event anyedge, v0x562bc2daf860_0, v0x562bc2daf9c0_0, v0x562bc2daf920_0, v0x562bc2dafaa0_0;
S_0x562bc2dafd10 .scope module, "branch_cond" "branch_unit" 6 50, 8 4 0, S_0x562bc2daf1a0;
 .timescale 0 0;
    .port_info 0 /INPUT 3 "funct3";
    .port_info 1 /INPUT 1 "zero";
    .port_info 2 /INPUT 1 "alu_result0";
    .port_info 3 /OUTPUT 1 "branch_taken";
v0x562bc2daff30_0 .net "alu_result0", 0 0, L_0x562bc2dcc5c0;  alias, 1 drivers
v0x562bc2db0010_0 .var "branch_taken", 0 0;
v0x562bc2db00d0_0 .net "funct3", 2 0, L_0x562bc2dcc3f0;  alias, 1 drivers
v0x562bc2db01d0_0 .net "zero", 0 0, L_0x562bc2dcd980;  alias, 1 drivers
E_0x562bc2d95fa0 .event anyedge, v0x562bc2daf9c0_0, v0x562bc2daef10_0, v0x562bc2daff30_0;
S_0x562bc2db0310 .scope module, "main_decoder" "main_deco" 6 25, 9 1 0, S_0x562bc2daf1a0;
 .timescale 0 0;
    .port_info 0 /INPUT 7 "op";
    .port_info 1 /INPUT 3 "funct3";
    .port_info 2 /OUTPUT 1 "RegWrite";
    .port_info 3 /OUTPUT 3 "ImmSrc";
    .port_info 4 /OUTPUT 1 "ALUSrc";
    .port_info 5 /OUTPUT 1 "MemWrite";
    .port_info 6 /OUTPUT 2 "ResultSrc";
    .port_info 7 /OUTPUT 1 "Branch";
    .port_info 8 /OUTPUT 1 "Jump";
    .port_info 9 /OUTPUT 2 "ALUOp";
    .port_info 10 /OUTPUT 3 "LoadType";
    .port_info 11 /OUTPUT 2 "StoreType";
v0x562bc2db0640_0 .net "ALUOp", 1 0, L_0x562bc2dcc0e0;  alias, 1 drivers
v0x562bc2db0750_0 .net "ALUSrc", 0 0, L_0x562bc2dcbb40;  alias, 1 drivers
v0x562bc2db07f0_0 .net "Branch", 0 0, L_0x562bc2dcbf60;  alias, 1 drivers
v0x562bc2db08c0_0 .net "ImmSrc", 2 0, L_0x562bc2dcba10;  alias, 1 drivers
v0x562bc2db09a0_0 .net "Jump", 0 0, L_0x562bc2dcc040;  alias, 1 drivers
v0x562bc2db0ab0_0 .var "LoadType", 2 0;
v0x562bc2db0b90_0 .net "MemWrite", 0 0, L_0x562bc2dcbc70;  alias, 1 drivers
v0x562bc2db0c50_0 .net "RegWrite", 0 0, L_0x562bc2dcb8e0;  alias, 1 drivers
v0x562bc2db0d10_0 .net "ResultSrc", 1 0, L_0x562bc2dcbe30;  alias, 1 drivers
v0x562bc2db0df0_0 .var "StoreType", 1 0;
v0x562bc2db0ed0_0 .net *"_ivl_10", 11 0, v0x562bc2db0fb0_0;  1 drivers
v0x562bc2db0fb0_0 .var "controls", 11 0;
v0x562bc2db1090_0 .net "funct3", 2 0, L_0x562bc2dcc3f0;  alias, 1 drivers
v0x562bc2db1150_0 .net "op", 6 0, L_0x562bc2dcc350;  alias, 1 drivers
E_0x562bc2d97bf0 .event anyedge, v0x562bc2db1150_0, v0x562bc2daf9c0_0;
L_0x562bc2dcb8e0 .part v0x562bc2db0fb0_0, 11, 1;
L_0x562bc2dcba10 .part v0x562bc2db0fb0_0, 8, 3;
L_0x562bc2dcbb40 .part v0x562bc2db0fb0_0, 7, 1;
L_0x562bc2dcbc70 .part v0x562bc2db0fb0_0, 6, 1;
L_0x562bc2dcbe30 .part v0x562bc2db0fb0_0, 4, 2;
L_0x562bc2dcbf60 .part v0x562bc2db0fb0_0, 3, 1;
L_0x562bc2dcc040 .part v0x562bc2db0fb0_0, 2, 1;
L_0x562bc2dcc0e0 .part v0x562bc2db0fb0_0, 0, 2;
S_0x562bc2db22f0 .scope module, "dm" "data_mem" 4 152, 10 1 0, S_0x562bc2dae740;
 .timescale 0 0;
    .port_info 0 /INPUT 1 "clk";
    .port_info 1 /INPUT 1 "MemWrite";
    .port_info 2 /INPUT 32 "ALUResult";
    .port_info 3 /INPUT 32 "WriteData";
    .port_info 4 /INPUT 4 "ByteEnable";
    .port_info 5 /OUTPUT 32 "ReadData";
v0x562bc2db2910_0 .net "ALUResult", 31 0, v0x562bc2daec90_0;  alias, 1 drivers
v0x562bc2db2a20_0 .net "ByteEnable", 3 0, v0x562bc2db8cb0_0;  alias, 1 drivers
v0x562bc2db2ae0_0 .net "MemWrite", 0 0, L_0x562bc2dcbc70;  alias, 1 drivers
v0x562bc2db2c00_0 .net "ReadData", 31 0, L_0x562bc2dce070;  alias, 1 drivers
v0x562bc2db2cc0_0 .net "WriteData", 31 0, v0x562bc2db8e90_0;  alias, 1 drivers
v0x562bc2db2df0_0 .net *"_ivl_1", 29 0, L_0x562bc2dcdbc0;  1 drivers
v0x562bc2db2ed0_0 .net *"_ivl_10", 31 0, L_0x562bc2dcdee0;  1 drivers
v0x562bc2db2fb0_0 .net *"_ivl_13", 29 0, L_0x562bc2dcdf80;  1 drivers
L_0x749d7ad863c0 .functor BUFT 1, C4<00000000000000000000000000000000>, C4<0>, C4<0>, C4<0>;
v0x562bc2db3090_0 .net/2u *"_ivl_14", 31 0, L_0x749d7ad863c0;  1 drivers
v0x562bc2db3170_0 .net *"_ivl_2", 31 0, L_0x562bc2dcdc60;  1 drivers
L_0x749d7ad86330 .functor BUFT 1, C4<00>, C4<0>, C4<0>, C4<0>;
v0x562bc2db3250_0 .net *"_ivl_5", 1 0, L_0x749d7ad86330;  1 drivers
L_0x749d7ad86378 .functor BUFT 1, C4<00000000000000000000000100000000>, C4<0>, C4<0>, C4<0>;
v0x562bc2db3330_0 .net/2u *"_ivl_6", 31 0, L_0x749d7ad86378;  1 drivers
v0x562bc2db3410_0 .net *"_ivl_8", 0 0, L_0x562bc2dcdda0;  1 drivers
v0x562bc2db34d0_0 .net "clk", 0 0, v0x562bc2dbb190_0;  alias, 1 drivers
v0x562bc2db3590 .array "mem", 255 0, 31 0;
E_0x562bc2db25b0 .event posedge, v0x562bc2db34d0_0;
L_0x562bc2dcdbc0 .part v0x562bc2daec90_0, 2, 30;
L_0x562bc2dcdc60 .concat [ 30 2 0 0], L_0x562bc2dcdbc0, L_0x749d7ad86330;
L_0x562bc2dcdda0 .cmp/gt 32, L_0x749d7ad86378, L_0x562bc2dcdc60;
L_0x562bc2dcdee0 .array/port v0x562bc2db3590, L_0x562bc2dcdf80;
L_0x562bc2dcdf80 .part v0x562bc2daec90_0, 2, 30;
L_0x562bc2dce070 .functor MUXZ 32, L_0x749d7ad863c0, L_0x562bc2dcdee0, L_0x562bc2dcdda0, C4<>;
S_0x562bc2db2610 .scope begin, "$unm_blk_11" "$unm_blk_11" 10 13, 10 13 0, S_0x562bc2db22f0;
 .timescale 0 0;
v0x562bc2db2810_0 .var/i "i", 31 0;
S_0x562bc2db3750 .scope module, "ext" "extend" 4 114, 11 4 0, S_0x562bc2dae740;
 .timescale 0 0;
    .port_info 0 /INPUT 25 "Instr";
    .port_info 1 /INPUT 3 "ImmSrc";
    .port_info 2 /OUTPUT 32 "ImmExt";
v0x562bc2db39e0_0 .var "ImmExt", 31 0;
v0x562bc2db3ae0_0 .net "ImmSrc", 2 0, L_0x562bc2dcba10;  alias, 1 drivers
v0x562bc2db3bf0_0 .net "Instr", 31 7, L_0x562bc2dcd460;  1 drivers
E_0x562bc2db24d0/0 .event anyedge, v0x562bc2db08c0_0, v0x562bc2db3bf0_0, v0x562bc2db3bf0_0, v0x562bc2db3bf0_0;
E_0x562bc2db24d0/1 .event anyedge, v0x562bc2db3bf0_0, v0x562bc2db3bf0_0, v0x562bc2db3bf0_0, v0x562bc2db3bf0_0;
E_0x562bc2db24d0/2 .event anyedge, v0x562bc2db3bf0_0, v0x562bc2db3bf0_0, v0x562bc2db3bf0_0, v0x562bc2db3bf0_0;
E_0x562bc2db24d0 .event/or E_0x562bc2db24d0/0, E_0x562bc2db24d0/1, E_0x562bc2db24d0/2;
S_0x562bc2db3d30 .scope module, "instr_mem" "imem" 4 79, 12 1 0, S_0x562bc2dae740;
 .timescale 0 0;
    .port_info 0 /INPUT 32 "addr";
    .port_info 1 /OUTPUT 32 "instr";
L_0x562bc2dcb380 .functor BUFZ 32, L_0x562bc2dcb5c0, C4<00000000000000000000000000000000>, C4<00000000000000000000000000000000>, C4<00000000000000000000000000000000>;
v0x562bc2db3fa0_0 .net *"_ivl_0", 31 0, L_0x562bc2dcb5c0;  1 drivers
v0x562bc2db40a0_0 .net *"_ivl_2", 31 0, L_0x562bc2dcb700;  1 drivers
v0x562bc2db4180_0 .net *"_ivl_4", 29 0, L_0x562bc2dcb660;  1 drivers
L_0x749d7ad86060 .functor BUFT 1, C4<00>, C4<0>, C4<0>, C4<0>;
v0x562bc2db4240_0 .net *"_ivl_6", 1 0, L_0x749d7ad86060;  1 drivers
v0x562bc2db4320_0 .net "addr", 31 0, v0x562bc2db6f00_0;  alias, 1 drivers
v0x562bc2db4450 .array "imem", 255 0, 31 0;
v0x562bc2db4510_0 .net "instr", 31 0, L_0x562bc2dcb380;  alias, 1 drivers
L_0x562bc2dcb5c0 .array/port v0x562bc2db4450, L_0x562bc2dcb700;
L_0x562bc2dcb660 .part v0x562bc2db6f00_0, 2, 30;
L_0x562bc2dcb700 .concat [ 30 2 0 0], L_0x562bc2dcb660, L_0x749d7ad86060;
S_0x562bc2db4650 .scope module, "lu" "load_unit" 4 162, 13 1 0, S_0x562bc2dae740;
 .timescale 0 0;
    .port_info 0 /INPUT 32 "read_data";
    .port_info 1 /INPUT 3 "load_type";
    .port_info 2 /INPUT 32 "alu_result";
    .port_info 3 /OUTPUT 32 "load_data";
v0x562bc2db48e0_0 .net "alu_result", 31 0, v0x562bc2daec90_0;  alias, 1 drivers
v0x562bc2db4a10_0 .var "byte_selected", 7 0;
v0x562bc2db4af0_0 .var "half_selected", 15 0;
v0x562bc2db4bb0_0 .var "load_data", 31 0;
v0x562bc2db4c90_0 .net "load_type", 2 0, v0x562bc2db0ab0_0;  alias, 1 drivers
v0x562bc2db4df0_0 .net "read_data", 31 0, L_0x562bc2dce070;  alias, 1 drivers
E_0x562bc2db4830/0 .event anyedge, v0x562bc2daec90_0, v0x562bc2db2c00_0, v0x562bc2db2c00_0, v0x562bc2db2c00_0;
E_0x562bc2db4830/1 .event anyedge, v0x562bc2db2c00_0, v0x562bc2daec90_0, v0x562bc2db2c00_0, v0x562bc2db2c00_0;
E_0x562bc2db4830/2 .event anyedge, v0x562bc2db0ab0_0, v0x562bc2db4a10_0, v0x562bc2db4af0_0, v0x562bc2db2c00_0;
E_0x562bc2db4830 .event/or E_0x562bc2db4830/0, E_0x562bc2db4830/1, E_0x562bc2db4830/2;
S_0x562bc2db4f10 .scope module, "mux_pcnext" "mux41" 4 181, 14 3 0, S_0x562bc2dae740;
 .timescale 0 0;
    .port_info 0 /INPUT 2 "sel";
    .port_info 1 /INPUT 32 "ina";
    .port_info 2 /INPUT 32 "inb";
    .port_info 3 /INPUT 32 "inc";
    .port_info 4 /OUTPUT 32 "out";
L_0x749d7ad86498 .functor BUFT 1, C4<00>, C4<0>, C4<0>, C4<0>;
v0x562bc2db50f0_0 .net/2u *"_ivl_0", 1 0, L_0x749d7ad86498;  1 drivers
v0x562bc2db51f0_0 .net *"_ivl_2", 0 0, L_0x562bc2dce710;  1 drivers
L_0x749d7ad864e0 .functor BUFT 1, C4<01>, C4<0>, C4<0>, C4<0>;
v0x562bc2db52b0_0 .net/2u *"_ivl_4", 1 0, L_0x749d7ad864e0;  1 drivers
v0x562bc2db5370_0 .net *"_ivl_6", 0 0, L_0x562bc2dce800;  1 drivers
v0x562bc2db5430_0 .net *"_ivl_8", 31 0, L_0x562bc2dce8a0;  1 drivers
v0x562bc2db5560_0 .net "ina", 31 0, L_0x562bc2dcb2e0;  alias, 1 drivers
v0x562bc2db5640_0 .net "inb", 31 0, L_0x562bc2dcb440;  alias, 1 drivers
v0x562bc2db5720_0 .net "inc", 31 0, v0x562bc2daec90_0;  alias, 1 drivers
v0x562bc2db57e0_0 .net "out", 31 0, L_0x562bc2dce990;  alias, 1 drivers
v0x562bc2db5950_0 .net "sel", 1 0, v0x562bc2db1e40_0;  alias, 1 drivers
L_0x562bc2dce710 .cmp/eq 2, v0x562bc2db1e40_0, L_0x749d7ad86498;
L_0x562bc2dce800 .cmp/eq 2, v0x562bc2db1e40_0, L_0x749d7ad864e0;
L_0x562bc2dce8a0 .functor MUXZ 32, v0x562bc2daec90_0, L_0x562bc2dcb440, L_0x562bc2dce800, C4<>;
L_0x562bc2dce990 .functor MUXZ 32, L_0x562bc2dce8a0, L_0x562bc2dcb2e0, L_0x562bc2dce710, C4<>;
S_0x562bc2db5a90 .scope module, "mux_result" "mux41" 4 171, 14 3 0, S_0x562bc2dae740;
 .timescale 0 0;
    .port_info 0 /INPUT 2 "sel";
    .port_info 1 /INPUT 32 "ina";
    .port_info 2 /INPUT 32 "inb";
    .port_info 3 /INPUT 32 "inc";
    .port_info 4 /OUTPUT 32 "out";
L_0x749d7ad86408 .functor BUFT 1, C4<00>, C4<0>, C4<0>, C4<0>;
v0x562bc2db5c20_0 .net/2u *"_ivl_0", 1 0, L_0x749d7ad86408;  1 drivers
v0x562bc2db5d20_0 .net *"_ivl_2", 0 0, L_0x562bc2dce240;  1 drivers
L_0x749d7ad86450 .functor BUFT 1, C4<01>, C4<0>, C4<0>, C4<0>;
v0x562bc2db5de0_0 .net/2u *"_ivl_4", 1 0, L_0x749d7ad86450;  1 drivers
v0x562bc2db5ed0_0 .net *"_ivl_6", 0 0, L_0x562bc2dce330;  1 drivers
v0x562bc2db5f90_0 .net *"_ivl_8", 31 0, L_0x562bc2dce420;  1 drivers
v0x562bc2db60c0_0 .net "ina", 31 0, v0x562bc2daec90_0;  alias, 1 drivers
v0x562bc2db6210_0 .net "inb", 31 0, v0x562bc2db4bb0_0;  alias, 1 drivers
v0x562bc2db62d0_0 .net "inc", 31 0, L_0x562bc2dcb2e0;  alias, 1 drivers
v0x562bc2db63a0_0 .net "out", 31 0, L_0x562bc2dce510;  alias, 1 drivers
v0x562bc2db64f0_0 .net "sel", 1 0, L_0x562bc2dcbe30;  alias, 1 drivers
L_0x562bc2dce240 .cmp/eq 2, L_0x562bc2dcbe30, L_0x749d7ad86408;
L_0x562bc2dce330 .cmp/eq 2, L_0x562bc2dcbe30, L_0x749d7ad86450;
L_0x562bc2dce420 .functor MUXZ 32, L_0x562bc2dcb2e0, v0x562bc2db4bb0_0, L_0x562bc2dce330, C4<>;
L_0x562bc2dce510 .functor MUXZ 32, L_0x562bc2dce420, v0x562bc2daec90_0, L_0x562bc2dce240, C4<>;
S_0x562bc2db6650 .scope module, "mux_srcb" "mux21" 4 122, 15 3 0, S_0x562bc2dae740;
 .timescale 0 0;
    .port_info 0 /INPUT 1 "sel";
    .port_info 1 /INPUT 32 "ina";
    .port_info 2 /INPUT 32 "inb";
    .port_info 3 /OUTPUT 32 "out";
v0x562bc2db68e0_0 .net "ina", 31 0, L_0x562bc2dccf00;  alias, 1 drivers
v0x562bc2db69e0_0 .net "inb", 31 0, v0x562bc2db39e0_0;  alias, 1 drivers
v0x562bc2db6ad0_0 .net "out", 31 0, L_0x562bc2dcd560;  alias, 1 drivers
v0x562bc2db6bd0_0 .net "sel", 0 0, L_0x562bc2dcbb40;  alias, 1 drivers
L_0x562bc2dcd560 .functor MUXZ 32, L_0x562bc2dccf00, v0x562bc2db39e0_0, L_0x562bc2dcbb40, C4<>;
S_0x562bc2db6cb0 .scope module, "pc_reg" "pc" 4 70, 16 1 0, S_0x562bc2dae740;
 .timescale 0 0;
    .port_info 0 /INPUT 1 "clk";
    .port_info 1 /INPUT 1 "rst";
    .port_info 2 /INPUT 32 "PCNext";
    .port_info 3 /OUTPUT 32 "PC";
v0x562bc2db6f00_0 .var "PC", 31 0;
v0x562bc2db7010_0 .net "PCNext", 31 0, L_0x562bc2dce990;  alias, 1 drivers
v0x562bc2db70e0_0 .net "clk", 0 0, v0x562bc2dbb190_0;  alias, 1 drivers
v0x562bc2db71e0_0 .net "rst", 0 0, v0x562bc2dbb230_0;  alias, 1 drivers
S_0x562bc2db72f0 .scope module, "rf" "register_file" 4 102, 17 1 0, S_0x562bc2dae740;
 .timescale 0 0;
    .port_info 0 /INPUT 1 "clk";
    .port_info 1 /INPUT 1 "WE3";
    .port_info 2 /INPUT 5 "A1";
    .port_info 3 /INPUT 5 "A2";
    .port_info 4 /INPUT 5 "A3";
    .port_info 5 /INPUT 32 "WD3";
    .port_info 6 /OUTPUT 32 "RD1";
    .port_info 7 /OUTPUT 32 "RD2";
v0x562bc2db75f0_0 .net "A1", 4 0, L_0x562bc2dcd120;  1 drivers
v0x562bc2db76f0_0 .net "A2", 4 0, L_0x562bc2dcd1c0;  1 drivers
v0x562bc2db77d0_0 .net "A3", 4 0, L_0x562bc2dcd2b0;  1 drivers
v0x562bc2db7890_0 .net "RD1", 31 0, L_0x562bc2dcc9c0;  alias, 1 drivers
v0x562bc2db7970_0 .net "RD2", 31 0, L_0x562bc2dccf00;  alias, 1 drivers
v0x562bc2db7a80_0 .net "WD3", 31 0, L_0x562bc2dce510;  alias, 1 drivers
v0x562bc2db7b50_0 .net "WE3", 0 0, L_0x562bc2dcb8e0;  alias, 1 drivers
L_0x749d7ad860a8 .functor BUFT 1, C4<00000>, C4<0>, C4<0>, C4<0>;
v0x562bc2db7c40_0 .net/2u *"_ivl_0", 4 0, L_0x749d7ad860a8;  1 drivers
L_0x749d7ad86138 .functor BUFT 1, C4<00>, C4<0>, C4<0>, C4<0>;
v0x562bc2db7d00_0 .net *"_ivl_11", 1 0, L_0x749d7ad86138;  1 drivers
L_0x749d7ad86180 .functor BUFT 1, C4<00000>, C4<0>, C4<0>, C4<0>;
v0x562bc2db7e70_0 .net/2u *"_ivl_14", 4 0, L_0x749d7ad86180;  1 drivers
v0x562bc2db7f50_0 .net *"_ivl_16", 0 0, L_0x562bc2dccba0;  1 drivers
L_0x749d7ad861c8 .functor BUFT 1, C4<00000000000000000000000000000000>, C4<0>, C4<0>, C4<0>;
v0x562bc2db8010_0 .net/2u *"_ivl_18", 31 0, L_0x749d7ad861c8;  1 drivers
v0x562bc2db80f0_0 .net *"_ivl_2", 0 0, L_0x562bc2dcc6a0;  1 drivers
v0x562bc2db81b0_0 .net *"_ivl_20", 31 0, L_0x562bc2dccc90;  1 drivers
v0x562bc2db8290_0 .net *"_ivl_22", 6 0, L_0x562bc2dccd70;  1 drivers
L_0x749d7ad86210 .functor BUFT 1, C4<00>, C4<0>, C4<0>, C4<0>;
v0x562bc2db8370_0 .net *"_ivl_25", 1 0, L_0x749d7ad86210;  1 drivers
L_0x749d7ad860f0 .functor BUFT 1, C4<00000000000000000000000000000000>, C4<0>, C4<0>, C4<0>;
v0x562bc2db8450_0 .net/2u *"_ivl_4", 31 0, L_0x749d7ad860f0;  1 drivers
v0x562bc2db8530_0 .net *"_ivl_6", 31 0, L_0x562bc2dcc740;  1 drivers
v0x562bc2db8610_0 .net *"_ivl_8", 6 0, L_0x562bc2dcc7e0;  1 drivers
v0x562bc2db86f0_0 .net "clk", 0 0, v0x562bc2dbb190_0;  alias, 1 drivers
v0x562bc2db8790 .array "regs", 31 0, 31 0;
L_0x562bc2dcc6a0 .cmp/eq 5, L_0x562bc2dcd120, L_0x749d7ad860a8;
L_0x562bc2dcc740 .array/port v0x562bc2db8790, L_0x562bc2dcc7e0;
L_0x562bc2dcc7e0 .concat [ 5 2 0 0], L_0x562bc2dcd120, L_0x749d7ad86138;
L_0x562bc2dcc9c0 .functor MUXZ 32, L_0x562bc2dcc740, L_0x749d7ad860f0, L_0x562bc2dcc6a0, C4<>;
L_0x562bc2dccba0 .cmp/eq 5, L_0x562bc2dcd1c0, L_0x749d7ad86180;
L_0x562bc2dccc90 .array/port v0x562bc2db8790, L_0x562bc2dccd70;
L_0x562bc2dccd70 .concat [ 5 2 0 0], L_0x562bc2dcd1c0, L_0x749d7ad86210;
L_0x562bc2dccf00 .functor MUXZ 32, L_0x562bc2dccc90, L_0x749d7ad861c8, L_0x562bc2dccba0, C4<>;
S_0x562bc2db89a0 .scope module, "su" "store_unit" 4 143, 18 1 0, S_0x562bc2dae740;
 .timescale 0 0;
    .port_info 0 /INPUT 32 "rs2";
    .port_info 1 /INPUT 32 "ALUResult";
    .port_info 2 /INPUT 2 "StoreType";
    .port_info 3 /OUTPUT 32 "WriteData";
    .port_info 4 /OUTPUT 4 "ByteEnable";
v0x562bc2db8bd0_0 .net "ALUResult", 31 0, v0x562bc2daec90_0;  alias, 1 drivers
v0x562bc2db8cb0_0 .var "ByteEnable", 3 0;
v0x562bc2db8d70_0 .net "StoreType", 1 0, v0x562bc2db0df0_0;  alias, 1 drivers
v0x562bc2db8e90_0 .var "WriteData", 31 0;
v0x562bc2db8f30_0 .net "rs2", 31 0, L_0x562bc2dccf00;  alias, 1 drivers
E_0x562bc2db8b30/0 .event anyedge, v0x562bc2db0df0_0, v0x562bc2daec90_0, v0x562bc2db68e0_0, v0x562bc2daec90_0;
E_0x562bc2db8b30/1 .event anyedge, v0x562bc2db68e0_0, v0x562bc2db68e0_0;
E_0x562bc2db8b30 .event/or E_0x562bc2db8b30/0, E_0x562bc2db8b30/1;
S_0x562bc2dbadd0 .scope task, "run_programa1" "run_programa1" 3 35, 3 35 0, S_0x562bc2d84690;
 .timescale 0 0;
TD_riscv_top_tb.run_programa1 ;
    %vpi_call/w 3 37 "$readmemh", "programas/programa1.mem", v0x562bc2db4450 {0 0 0};
    %pushi/vec4 127, 0, 32;
    %ix/load 4, 0, 0;
    %flag_set/imm 4, 0;
    %store/vec4a v0x562bc2db3590, 4, 0;
    %pushi/vec4 300, 0, 32;
    %ix/load 4, 1, 0;
    %flag_set/imm 4, 0;
    %store/vec4a v0x562bc2db3590, 4, 0;
    %pushi/vec4 305418240, 0, 32;
    %ix/load 4, 2, 0;
    %flag_set/imm 4, 0;
    %store/vec4a v0x562bc2db3590, 4, 0;
    %pushi/vec4 305418240, 0, 32;
    %ix/load 4, 27, 0;
    %flag_set/imm 4, 0;
    %store/vec4a v0x562bc2db3590, 4, 0;
    %pushi/vec4 1, 0, 1;
    %store/vec4 v0x562bc2dbb230_0, 0, 1;
    %delay 20, 0;
    %pushi/vec4 0, 0, 1;
    %store/vec4 v0x562bc2dbb230_0, 0, 1;
    %delay 400, 0;
    %vpi_call/w 3 51 "$display", "=== Programa 1: ALU + Memoria + Shifts + Comparaciones ===" {0 0 0};
    %pushi/str "lb  x3 (signed byte 127)";
    %store/str v0x562bc2d71dd0_0;
    %ix/load 4, 3, 0;
    %flag_set/imm 4, 0;
    %load/vec4a v0x562bc2db8790, 4;
    %store/vec4 v0x562bc2dae680_0, 0, 32;
    %pushi/vec4 127, 0, 32;
    %store/vec4 v0x562bc2d7f940_0, 0, 32;
    %fork TD_riscv_top_tb.check, S_0x562bc2d70d30;
    %join;
    %pushi/str "lbu x4 (unsigned byte 127)";
    %store/str v0x562bc2d71dd0_0;
    %ix/load 4, 4, 0;
    %flag_set/imm 4, 0;
    %load/vec4a v0x562bc2db8790, 4;
    %store/vec4 v0x562bc2dae680_0, 0, 32;
    %pushi/vec4 127, 0, 32;
    %store/vec4 v0x562bc2d7f940_0, 0, 32;
    %fork TD_riscv_top_tb.check, S_0x562bc2d70d30;
    %join;
    %pushi/str "lh  x5 (signed half 300)";
    %store/str v0x562bc2d71dd0_0;
    %ix/load 4, 5, 0;
    %flag_set/imm 4, 0;
    %load/vec4a v0x562bc2db8790, 4;
    %store/vec4 v0x562bc2dae680_0, 0, 32;
    %pushi/vec4 300, 0, 32;
    %store/vec4 v0x562bc2d7f940_0, 0, 32;
    %fork TD_riscv_top_tb.check, S_0x562bc2d70d30;
    %join;
    %pushi/str "lhu x6 (unsigned half 300)";
    %store/str v0x562bc2d71dd0_0;
    %ix/load 4, 6, 0;
    %flag_set/imm 4, 0;
    %load/vec4a v0x562bc2db8790, 4;
    %store/vec4 v0x562bc2dae680_0, 0, 32;
    %pushi/vec4 300, 0, 32;
    %store/vec4 v0x562bc2d7f940_0, 0, 32;
    %fork TD_riscv_top_tb.check, S_0x562bc2d70d30;
    %join;
    %pushi/str "lw  x7 (word 0x12345000)";
    %store/str v0x562bc2d71dd0_0;
    %ix/load 4, 7, 0;
    %flag_set/imm 4, 0;
    %load/vec4a v0x562bc2db8790, 4;
    %store/vec4 v0x562bc2dae680_0, 0, 32;
    %pushi/vec4 305418240, 0, 32;
    %store/vec4 v0x562bc2d7f940_0, 0, 32;
    %fork TD_riscv_top_tb.check, S_0x562bc2d70d30;
    %join;
    %pushi/str "add x10 = 10+3";
    %store/str v0x562bc2d71dd0_0;
    %ix/load 4, 10, 0;
    %flag_set/imm 4, 0;
    %load/vec4a v0x562bc2db8790, 4;
    %store/vec4 v0x562bc2dae680_0, 0, 32;
    %pushi/vec4 13, 0, 32;
    %store/vec4 v0x562bc2d7f940_0, 0, 32;
    %fork TD_riscv_top_tb.check, S_0x562bc2d70d30;
    %join;
    %pushi/str "sub x11 = 10-3";
    %store/str v0x562bc2d71dd0_0;
    %ix/load 4, 11, 0;
    %flag_set/imm 4, 0;
    %load/vec4a v0x562bc2db8790, 4;
    %store/vec4 v0x562bc2dae680_0, 0, 32;
    %pushi/vec4 7, 0, 32;
    %store/vec4 v0x562bc2d7f940_0, 0, 32;
    %fork TD_riscv_top_tb.check, S_0x562bc2d70d30;
    %join;
    %pushi/str "xor  x12 = 10^3";
    %store/str v0x562bc2d71dd0_0;
    %ix/load 4, 12, 0;
    %flag_set/imm 4, 0;
    %load/vec4a v0x562bc2db8790, 4;
    %store/vec4 v0x562bc2dae680_0, 0, 32;
    %pushi/vec4 9, 0, 32;
    %store/vec4 v0x562bc2d7f940_0, 0, 32;
    %fork TD_riscv_top_tb.check, S_0x562bc2d70d30;
    %join;
    %pushi/str "xori x13 = 10^5";
    %store/str v0x562bc2d71dd0_0;
    %ix/load 4, 13, 0;
    %flag_set/imm 4, 0;
    %load/vec4a v0x562bc2db8790, 4;
    %store/vec4 v0x562bc2dae680_0, 0, 32;
    %pushi/vec4 15, 0, 32;
    %store/vec4 v0x562bc2d7f940_0, 0, 32;
    %fork TD_riscv_top_tb.check, S_0x562bc2d70d30;
    %join;
    %pushi/str "or   x14 = 10|3";
    %store/str v0x562bc2d71dd0_0;
    %ix/load 4, 14, 0;
    %flag_set/imm 4, 0;
    %load/vec4a v0x562bc2db8790, 4;
    %store/vec4 v0x562bc2dae680_0, 0, 32;
    %pushi/vec4 11, 0, 32;
    %store/vec4 v0x562bc2d7f940_0, 0, 32;
    %fork TD_riscv_top_tb.check, S_0x562bc2d70d30;
    %join;
    %pushi/str "ori  x15 = 10|1";
    %store/str v0x562bc2d71dd0_0;
    %ix/load 4, 15, 0;
    %flag_set/imm 4, 0;
    %load/vec4a v0x562bc2db8790, 4;
    %store/vec4 v0x562bc2dae680_0, 0, 32;
    %pushi/vec4 11, 0, 32;
    %store/vec4 v0x562bc2d7f940_0, 0, 32;
    %fork TD_riscv_top_tb.check, S_0x562bc2d70d30;
    %join;
    %pushi/str "and  x16 = 10&3";
    %store/str v0x562bc2d71dd0_0;
    %ix/load 4, 16, 0;
    %flag_set/imm 4, 0;
    %load/vec4a v0x562bc2db8790, 4;
    %store/vec4 v0x562bc2dae680_0, 0, 32;
    %pushi/vec4 2, 0, 32;
    %store/vec4 v0x562bc2d7f940_0, 0, 32;
    %fork TD_riscv_top_tb.check, S_0x562bc2d70d30;
    %join;
    %pushi/str "andi x17 = 10&7";
    %store/str v0x562bc2d71dd0_0;
    %ix/load 4, 17, 0;
    %flag_set/imm 4, 0;
    %load/vec4a v0x562bc2db8790, 4;
    %store/vec4 v0x562bc2dae680_0, 0, 32;
    %pushi/vec4 2, 0, 32;
    %store/vec4 v0x562bc2d7f940_0, 0, 32;
    %fork TD_riscv_top_tb.check, S_0x562bc2d70d30;
    %join;
    %pushi/str "sll  x18 = 3<<3";
    %store/str v0x562bc2d71dd0_0;
    %ix/load 4, 18, 0;
    %flag_set/imm 4, 0;
    %load/vec4a v0x562bc2db8790, 4;
    %store/vec4 v0x562bc2dae680_0, 0, 32;
    %pushi/vec4 24, 0, 32;
    %store/vec4 v0x562bc2d7f940_0, 0, 32;
    %fork TD_riscv_top_tb.check, S_0x562bc2d70d30;
    %join;
    %pushi/str "slli x19 = 3<<2";
    %store/str v0x562bc2d71dd0_0;
    %ix/load 4, 19, 0;
    %flag_set/imm 4, 0;
    %load/vec4a v0x562bc2db8790, 4;
    %store/vec4 v0x562bc2dae680_0, 0, 32;
    %pushi/vec4 12, 0, 32;
    %store/vec4 v0x562bc2d7f940_0, 0, 32;
    %fork TD_riscv_top_tb.check, S_0x562bc2d70d30;
    %join;
    %pushi/str "srl  x20 = 24>>3";
    %store/str v0x562bc2d71dd0_0;
    %ix/load 4, 20, 0;
    %flag_set/imm 4, 0;
    %load/vec4a v0x562bc2db8790, 4;
    %store/vec4 v0x562bc2dae680_0, 0, 32;
    %pushi/vec4 3, 0, 32;
    %store/vec4 v0x562bc2d7f940_0, 0, 32;
    %fork TD_riscv_top_tb.check, S_0x562bc2d70d30;
    %join;
    %pushi/str "srli x21 = 24>>1";
    %store/str v0x562bc2d71dd0_0;
    %ix/load 4, 21, 0;
    %flag_set/imm 4, 0;
    %load/vec4a v0x562bc2db8790, 4;
    %store/vec4 v0x562bc2dae680_0, 0, 32;
    %pushi/vec4 12, 0, 32;
    %store/vec4 v0x562bc2d7f940_0, 0, 32;
    %fork TD_riscv_top_tb.check, S_0x562bc2d70d30;
    %join;
    %pushi/str "sra  x23 = -16>>3";
    %store/str v0x562bc2d71dd0_0;
    %ix/load 4, 23, 0;
    %flag_set/imm 4, 0;
    %load/vec4a v0x562bc2db8790, 4;
    %store/vec4 v0x562bc2dae680_0, 0, 32;
    %pushi/vec4 4294967294, 0, 32;
    %store/vec4 v0x562bc2d7f940_0, 0, 32;
    %fork TD_riscv_top_tb.check, S_0x562bc2d70d30;
    %join;
    %pushi/str "srai x24 = -16>>2";
    %store/str v0x562bc2d71dd0_0;
    %ix/load 4, 24, 0;
    %flag_set/imm 4, 0;
    %load/vec4a v0x562bc2db8790, 4;
    %store/vec4 v0x562bc2dae680_0, 0, 32;
    %pushi/vec4 4294967292, 0, 32;
    %store/vec4 v0x562bc2d7f940_0, 0, 32;
    %fork TD_riscv_top_tb.check, S_0x562bc2d70d30;
    %join;
    %pushi/str "slt   x25 = 3<10";
    %store/str v0x562bc2d71dd0_0;
    %ix/load 4, 25, 0;
    %flag_set/imm 4, 0;
    %load/vec4a v0x562bc2db8790, 4;
    %store/vec4 v0x562bc2dae680_0, 0, 32;
    %pushi/vec4 1, 0, 32;
    %store/vec4 v0x562bc2d7f940_0, 0, 32;
    %fork TD_riscv_top_tb.check, S_0x562bc2d70d30;
    %join;
    %pushi/str "slti  x26 = 3<5";
    %store/str v0x562bc2d71dd0_0;
    %ix/load 4, 26, 0;
    %flag_set/imm 4, 0;
    %load/vec4a v0x562bc2db8790, 4;
    %store/vec4 v0x562bc2dae680_0, 0, 32;
    %pushi/vec4 1, 0, 32;
    %store/vec4 v0x562bc2d7f940_0, 0, 32;
    %fork TD_riscv_top_tb.check, S_0x562bc2d70d30;
    %join;
    %pushi/str "sltu  x27 = 3<10 unsigned";
    %store/str v0x562bc2d71dd0_0;
    %ix/load 4, 27, 0;
    %flag_set/imm 4, 0;
    %load/vec4a v0x562bc2db8790, 4;
    %store/vec4 v0x562bc2dae680_0, 0, 32;
    %pushi/vec4 1, 0, 32;
    %store/vec4 v0x562bc2d7f940_0, 0, 32;
    %fork TD_riscv_top_tb.check, S_0x562bc2d70d30;
    %join;
    %pushi/str "sltiu x28 = 3<20 unsigned";
    %store/str v0x562bc2d71dd0_0;
    %ix/load 4, 28, 0;
    %flag_set/imm 4, 0;
    %load/vec4a v0x562bc2db8790, 4;
    %store/vec4 v0x562bc2dae680_0, 0, 32;
    %pushi/vec4 1, 0, 32;
    %store/vec4 v0x562bc2d7f940_0, 0, 32;
    %fork TD_riscv_top_tb.check, S_0x562bc2d70d30;
    %join;
    %end;
S_0x562bc2dbafb0 .scope task, "run_programa2" "run_programa2" 3 118, 3 118 0, S_0x562bc2d84690;
 .timescale 0 0;
TD_riscv_top_tb.run_programa2 ;
    %vpi_call/w 3 120 "$readmemh", "programas/programa2.mem", v0x562bc2db4450 {0 0 0};
    %pushi/vec4 1, 0, 1;
    %store/vec4 v0x562bc2dbb230_0, 0, 1;
    %delay 20, 0;
    %pushi/vec4 0, 0, 1;
    %store/vec4 v0x562bc2dbb230_0, 0, 1;
    %delay 300, 0;
    %vpi_call/w 3 128 "$display", "=== Programa 2: Branches + Jumps ===" {0 0 0};
    %pushi/str "beq tomado  \342\206\222 x10 != 111";
    %store/str v0x562bc2d71dd0_0;
    %ix/load 4, 10, 0;
    %flag_set/imm 4, 0;
    %load/vec4a v0x562bc2db8790, 4;
    %store/vec4 v0x562bc2dae680_0, 0, 32;
    %pushi/vec4 13, 0, 32;
    %store/vec4 v0x562bc2d7f940_0, 0, 32;
    %fork TD_riscv_top_tb.check, S_0x562bc2d70d30;
    %join;
    %pushi/str "bne tomado  \342\206\222 x10 != 222";
    %store/str v0x562bc2d71dd0_0;
    %ix/load 4, 10, 0;
    %flag_set/imm 4, 0;
    %load/vec4a v0x562bc2db8790, 4;
    %store/vec4 v0x562bc2dae680_0, 0, 32;
    %pushi/vec4 13, 0, 32;
    %store/vec4 v0x562bc2d7f940_0, 0, 32;
    %fork TD_riscv_top_tb.check, S_0x562bc2d70d30;
    %join;
    %pushi/str "blt tomado  \342\206\222 x10 != 333";
    %store/str v0x562bc2d71dd0_0;
    %ix/load 4, 10, 0;
    %flag_set/imm 4, 0;
    %load/vec4a v0x562bc2db8790, 4;
    %store/vec4 v0x562bc2dae680_0, 0, 32;
    %pushi/vec4 13, 0, 32;
    %store/vec4 v0x562bc2d7f940_0, 0, 32;
    %fork TD_riscv_top_tb.check, S_0x562bc2d70d30;
    %join;
    %pushi/str "bge tomado  \342\206\222 x10 != 444";
    %store/str v0x562bc2d71dd0_0;
    %ix/load 4, 10, 0;
    %flag_set/imm 4, 0;
    %load/vec4a v0x562bc2db8790, 4;
    %store/vec4 v0x562bc2dae680_0, 0, 32;
    %pushi/vec4 13, 0, 32;
    %store/vec4 v0x562bc2d7f940_0, 0, 32;
    %fork TD_riscv_top_tb.check, S_0x562bc2d70d30;
    %join;
    %pushi/str "jal tomado  \342\206\222 x10 != 555";
    %store/str v0x562bc2d71dd0_0;
    %ix/load 4, 10, 0;
    %flag_set/imm 4, 0;
    %load/vec4a v0x562bc2db8790, 4;
    %store/vec4 v0x562bc2dae680_0, 0, 32;
    %pushi/vec4 13, 0, 32;
    %store/vec4 v0x562bc2d7f940_0, 0, 32;
    %fork TD_riscv_top_tb.check, S_0x562bc2d70d30;
    %join;
    %pushi/str "jal x6 = 99";
    %store/str v0x562bc2d71dd0_0;
    %ix/load 4, 6, 0;
    %flag_set/imm 4, 0;
    %load/vec4a v0x562bc2db8790, 4;
    %store/vec4 v0x562bc2dae680_0, 0, 32;
    %pushi/vec4 99, 0, 32;
    %store/vec4 v0x562bc2d7f940_0, 0, 32;
    %fork TD_riscv_top_tb.check, S_0x562bc2d70d30;
    %join;
    %pushi/str "jalr x8 = 1";
    %store/str v0x562bc2d71dd0_0;
    %ix/load 4, 8, 0;
    %flag_set/imm 4, 0;
    %load/vec4a v0x562bc2db8790, 4;
    %store/vec4 v0x562bc2dae680_0, 0, 32;
    %pushi/vec4 1, 0, 32;
    %store/vec4 v0x562bc2d7f940_0, 0, 32;
    %fork TD_riscv_top_tb.check, S_0x562bc2d70d30;
    %join;
    %end;
    .scope S_0x562bc2db6cb0;
T_3 ;
    %wait E_0x562bc2db25b0;
    %load/vec4 v0x562bc2db71e0_0;
    %flag_set/vec4 8;
    %jmp/0xz  T_3.0, 8;
    %pushi/vec4 0, 0, 32;
    %assign/vec4 v0x562bc2db6f00_0, 0;
    %jmp T_3.1;
T_3.0 ;
    %load/vec4 v0x562bc2db7010_0;
    %assign/vec4 v0x562bc2db6f00_0, 0;
T_3.1 ;
    %jmp T_3;
    .thread T_3;
    .scope S_0x562bc2db0310;
T_4 ;
Ewait_0 .event/or E_0x562bc2d97bf0, E_0x0;
    %wait Ewait_0;
    %pushi/vec4 2, 0, 3;
    %store/vec4 v0x562bc2db0ab0_0, 0, 3;
    %pushi/vec4 2, 0, 2;
    %store/vec4 v0x562bc2db0df0_0, 0, 2;
    %load/vec4 v0x562bc2db1150_0;
    %dup/vec4;
    %pushi/vec4 3, 0, 7;
    %cmp/u;
    %jmp/1 T_4.0, 6;
    %dup/vec4;
    %pushi/vec4 35, 0, 7;
    %cmp/u;
    %jmp/1 T_4.1, 6;
    %dup/vec4;
    %pushi/vec4 19, 0, 7;
    %cmp/u;
    %jmp/1 T_4.2, 6;
    %dup/vec4;
    %pushi/vec4 51, 0, 7;
    %cmp/u;
    %jmp/1 T_4.3, 6;
    %dup/vec4;
    %pushi/vec4 99, 0, 7;
    %cmp/u;
    %jmp/1 T_4.4, 6;
    %dup/vec4;
    %pushi/vec4 55, 0, 7;
    %cmp/u;
    %jmp/1 T_4.5, 6;
    %dup/vec4;
    %pushi/vec4 111, 0, 7;
    %cmp/u;
    %jmp/1 T_4.6, 6;
    %dup/vec4;
    %pushi/vec4 103, 0, 7;
    %cmp/u;
    %jmp/1 T_4.7, 6;
    %pushi/vec4 0, 0, 12;
    %store/vec4 v0x562bc2db0fb0_0, 0, 12;
    %jmp T_4.9;
T_4.0 ;
    %pushi/vec4 2192, 0, 12;
    %store/vec4 v0x562bc2db0fb0_0, 0, 12;
    %load/vec4 v0x562bc2db1090_0;
    %store/vec4 v0x562bc2db0ab0_0, 0, 3;
    %jmp T_4.9;
T_4.1 ;
    %pushi/vec4 448, 0, 12;
    %store/vec4 v0x562bc2db0fb0_0, 0, 12;
    %load/vec4 v0x562bc2db1090_0;
    %dup/vec4;
    %pushi/vec4 0, 0, 3;
    %cmp/u;
    %jmp/1 T_4.10, 6;
    %dup/vec4;
    %pushi/vec4 1, 0, 3;
    %cmp/u;
    %jmp/1 T_4.11, 6;
    %dup/vec4;
    %pushi/vec4 2, 0, 3;
    %cmp/u;
    %jmp/1 T_4.12, 6;
    %pushi/vec4 2, 0, 2;
    %store/vec4 v0x562bc2db0df0_0, 0, 2;
    %jmp T_4.14;
T_4.10 ;
    %pushi/vec4 0, 0, 2;
    %store/vec4 v0x562bc2db0df0_0, 0, 2;
    %jmp T_4.14;
T_4.11 ;
    %pushi/vec4 1, 0, 2;
    %store/vec4 v0x562bc2db0df0_0, 0, 2;
    %jmp T_4.14;
T_4.12 ;
    %pushi/vec4 2, 0, 2;
    %store/vec4 v0x562bc2db0df0_0, 0, 2;
    %jmp T_4.14;
T_4.14 ;
    %pop/vec4 1;
    %jmp T_4.9;
T_4.2 ;
    %pushi/vec4 2178, 0, 12;
    %store/vec4 v0x562bc2db0fb0_0, 0, 12;
    %jmp T_4.9;
T_4.3 ;
    %pushi/vec4 2050, 0, 12;
    %store/vec4 v0x562bc2db0fb0_0, 0, 12;
    %jmp T_4.9;
T_4.4 ;
    %pushi/vec4 521, 0, 12;
    %store/vec4 v0x562bc2db0fb0_0, 0, 12;
    %jmp T_4.9;
T_4.5 ;
    %pushi/vec4 3200, 0, 12;
    %store/vec4 v0x562bc2db0fb0_0, 0, 12;
    %jmp T_4.9;
T_4.6 ;
    %pushi/vec4 2852, 0, 12;
    %store/vec4 v0x562bc2db0fb0_0, 0, 12;
    %jmp T_4.9;
T_4.7 ;
    %pushi/vec4 2212, 0, 12;
    %store/vec4 v0x562bc2db0fb0_0, 0, 12;
    %jmp T_4.9;
T_4.9 ;
    %pop/vec4 1;
    %jmp T_4;
    .thread T_4, $push;
    .scope S_0x562bc2daf530;
T_5 ;
Ewait_1 .event/or E_0x562bc2ceeb60, E_0x0;
    %wait Ewait_1;
    %load/vec4 v0x562bc2daf860_0;
    %dup/vec4;
    %pushi/vec4 0, 0, 2;
    %cmp/u;
    %jmp/1 T_5.0, 6;
    %dup/vec4;
    %pushi/vec4 1, 0, 2;
    %cmp/u;
    %jmp/1 T_5.1, 6;
    %dup/vec4;
    %pushi/vec4 2, 0, 2;
    %cmp/u;
    %jmp/1 T_5.2, 6;
    %pushi/vec4 0, 0, 4;
    %store/vec4 v0x562bc2daf780_0, 0, 4;
    %jmp T_5.4;
T_5.0 ;
    %pushi/vec4 0, 0, 4;
    %store/vec4 v0x562bc2daf780_0, 0, 4;
    %jmp T_5.4;
T_5.1 ;
    %load/vec4 v0x562bc2daf9c0_0;
    %dup/vec4;
    %pushi/vec4 0, 0, 3;
    %cmp/u;
    %jmp/1 T_5.5, 6;
    %dup/vec4;
    %pushi/vec4 1, 0, 3;
    %cmp/u;
    %jmp/1 T_5.6, 6;
    %dup/vec4;
    %pushi/vec4 4, 0, 3;
    %cmp/u;
    %jmp/1 T_5.7, 6;
    %dup/vec4;
    %pushi/vec4 5, 0, 3;
    %cmp/u;
    %jmp/1 T_5.8, 6;
    %pushi/vec4 1, 0, 4;
    %store/vec4 v0x562bc2daf780_0, 0, 4;
    %jmp T_5.10;
T_5.5 ;
    %pushi/vec4 1, 0, 4;
    %store/vec4 v0x562bc2daf780_0, 0, 4;
    %jmp T_5.10;
T_5.6 ;
    %pushi/vec4 1, 0, 4;
    %store/vec4 v0x562bc2daf780_0, 0, 4;
    %jmp T_5.10;
T_5.7 ;
    %pushi/vec4 5, 0, 4;
    %store/vec4 v0x562bc2daf780_0, 0, 4;
    %jmp T_5.10;
T_5.8 ;
    %pushi/vec4 5, 0, 4;
    %store/vec4 v0x562bc2daf780_0, 0, 4;
    %jmp T_5.10;
T_5.10 ;
    %pop/vec4 1;
    %jmp T_5.4;
T_5.2 ;
    %load/vec4 v0x562bc2daf9c0_0;
    %dup/vec4;
    %pushi/vec4 0, 0, 3;
    %cmp/u;
    %jmp/1 T_5.11, 6;
    %dup/vec4;
    %pushi/vec4 1, 0, 3;
    %cmp/u;
    %jmp/1 T_5.12, 6;
    %dup/vec4;
    %pushi/vec4 2, 0, 3;
    %cmp/u;
    %jmp/1 T_5.13, 6;
    %dup/vec4;
    %pushi/vec4 3, 0, 3;
    %cmp/u;
    %jmp/1 T_5.14, 6;
    %dup/vec4;
    %pushi/vec4 4, 0, 3;
    %cmp/u;
    %jmp/1 T_5.15, 6;
    %dup/vec4;
    %pushi/vec4 5, 0, 3;
    %cmp/u;
    %jmp/1 T_5.16, 6;
    %dup/vec4;
    %pushi/vec4 6, 0, 3;
    %cmp/u;
    %jmp/1 T_5.17, 6;
    %dup/vec4;
    %pushi/vec4 7, 0, 3;
    %cmp/u;
    %jmp/1 T_5.18, 6;
    %pushi/vec4 0, 0, 4;
    %store/vec4 v0x562bc2daf780_0, 0, 4;
    %jmp T_5.20;
T_5.11 ;
    %load/vec4 v0x562bc2daf920_0;
    %flag_set/vec4 8;
    %jmp/0xz  T_5.21, 8;
    %pushi/vec4 1, 0, 4;
    %store/vec4 v0x562bc2daf780_0, 0, 4;
    %jmp T_5.22;
T_5.21 ;
    %pushi/vec4 0, 0, 4;
    %store/vec4 v0x562bc2daf780_0, 0, 4;
T_5.22 ;
    %jmp T_5.20;
T_5.12 ;
    %pushi/vec4 4, 0, 4;
    %store/vec4 v0x562bc2daf780_0, 0, 4;
    %jmp T_5.20;
T_5.13 ;
    %pushi/vec4 5, 0, 4;
    %store/vec4 v0x562bc2daf780_0, 0, 4;
    %jmp T_5.20;
T_5.14 ;
    %pushi/vec4 9, 0, 4;
    %store/vec4 v0x562bc2daf780_0, 0, 4;
    %jmp T_5.20;
T_5.15 ;
    %pushi/vec4 8, 0, 4;
    %store/vec4 v0x562bc2daf780_0, 0, 4;
    %jmp T_5.20;
T_5.16 ;
    %load/vec4 v0x562bc2dafaa0_0;
    %flag_set/vec4 8;
    %jmp/0xz  T_5.23, 8;
    %pushi/vec4 7, 0, 4;
    %store/vec4 v0x562bc2daf780_0, 0, 4;
    %jmp T_5.24;
T_5.23 ;
    %pushi/vec4 6, 0, 4;
    %store/vec4 v0x562bc2daf780_0, 0, 4;
T_5.24 ;
    %jmp T_5.20;
T_5.17 ;
    %pushi/vec4 3, 0, 4;
    %store/vec4 v0x562bc2daf780_0, 0, 4;
    %jmp T_5.20;
T_5.18 ;
    %pushi/vec4 2, 0, 4;
    %store/vec4 v0x562bc2daf780_0, 0, 4;
    %jmp T_5.20;
T_5.20 ;
    %pop/vec4 1;
    %jmp T_5.4;
T_5.4 ;
    %pop/vec4 1;
    %jmp T_5;
    .thread T_5, $push;
    .scope S_0x562bc2dafd10;
T_6 ;
Ewait_2 .event/or E_0x562bc2d95fa0, E_0x0;
    %wait Ewait_2;
    %load/vec4 v0x562bc2db00d0_0;
    %dup/vec4;
    %pushi/vec4 0, 0, 3;
    %cmp/u;
    %jmp/1 T_6.0, 6;
    %dup/vec4;
    %pushi/vec4 1, 0, 3;
    %cmp/u;
    %jmp/1 T_6.1, 6;
    %dup/vec4;
    %pushi/vec4 4, 0, 3;
    %cmp/u;
    %jmp/1 T_6.2, 6;
    %dup/vec4;
    %pushi/vec4 5, 0, 3;
    %cmp/u;
    %jmp/1 T_6.3, 6;
    %pushi/vec4 0, 0, 1;
    %store/vec4 v0x562bc2db0010_0, 0, 1;
    %jmp T_6.5;
T_6.0 ;
    %load/vec4 v0x562bc2db01d0_0;
    %store/vec4 v0x562bc2db0010_0, 0, 1;
    %jmp T_6.5;
T_6.1 ;
    %load/vec4 v0x562bc2db01d0_0;
    %nor/r;
    %store/vec4 v0x562bc2db0010_0, 0, 1;
    %jmp T_6.5;
T_6.2 ;
    %load/vec4 v0x562bc2daff30_0;
    %store/vec4 v0x562bc2db0010_0, 0, 1;
    %jmp T_6.5;
T_6.3 ;
    %load/vec4 v0x562bc2daff30_0;
    %nor/r;
    %store/vec4 v0x562bc2db0010_0, 0, 1;
    %jmp T_6.5;
T_6.5 ;
    %pop/vec4 1;
    %jmp T_6;
    .thread T_6, $push;
    .scope S_0x562bc2daf1a0;
T_7 ;
Ewait_3 .event/or E_0x562bc2d12a90, E_0x0;
    %wait Ewait_3;
    %load/vec4 v0x562bc2db1b00_0;
    %load/vec4 v0x562bc2db1d70_0;
    %parti/s 1, 3, 3;
    %inv;
    %and;
    %flag_set/vec4 8;
    %jmp/0xz  T_7.0, 8;
    %pushi/vec4 2, 0, 2;
    %store/vec4 v0x562bc2db1e40_0, 0, 2;
    %jmp T_7.1;
T_7.0 ;
    %load/vec4 v0x562bc2db1b00_0;
    %load/vec4 v0x562bc2db1d70_0;
    %parti/s 1, 3, 3;
    %and;
    %flag_set/vec4 8;
    %jmp/0xz  T_7.2, 8;
    %pushi/vec4 1, 0, 2;
    %store/vec4 v0x562bc2db1e40_0, 0, 2;
    %jmp T_7.3;
T_7.2 ;
    %load/vec4 v0x562bc2db1730_0;
    %load/vec4 v0x562bc2db1820_0;
    %and;
    %flag_set/vec4 8;
    %jmp/0xz  T_7.4, 8;
    %pushi/vec4 1, 0, 2;
    %store/vec4 v0x562bc2db1e40_0, 0, 2;
    %jmp T_7.5;
T_7.4 ;
    %pushi/vec4 0, 0, 2;
    %store/vec4 v0x562bc2db1e40_0, 0, 2;
T_7.5 ;
T_7.3 ;
T_7.1 ;
    %jmp T_7;
    .thread T_7, $push;
    .scope S_0x562bc2db72f0;
T_8 ;
    %wait E_0x562bc2db25b0;
    %load/vec4 v0x562bc2db7b50_0;
    %flag_set/vec4 9;
    %flag_get/vec4 9;
    %jmp/0 T_8.2, 9;
    %load/vec4 v0x562bc2db77d0_0;
    %pushi/vec4 0, 0, 5;
    %cmp/ne;
    %flag_get/vec4 4;
    %and;
T_8.2;
    %flag_set/vec4 8;
    %jmp/0xz  T_8.0, 8;
    %load/vec4 v0x562bc2db7a80_0;
    %load/vec4 v0x562bc2db77d0_0;
    %pad/u 7;
    %ix/vec4 3;
    %ix/load 4, 0, 0; Constant delay
    %assign/vec4/a/d v0x562bc2db8790, 0, 4;
T_8.0 ;
    %jmp T_8;
    .thread T_8;
    .scope S_0x562bc2db3750;
T_9 ;
Ewait_4 .event/or E_0x562bc2db24d0, E_0x0;
    %wait Ewait_4;
    %load/vec4 v0x562bc2db3ae0_0;
    %dup/vec4;
    %pushi/vec4 0, 0, 3;
    %cmp/u;
    %jmp/1 T_9.0, 6;
    %dup/vec4;
    %pushi/vec4 1, 0, 3;
    %cmp/u;
    %jmp/1 T_9.1, 6;
    %dup/vec4;
    %pushi/vec4 2, 0, 3;
    %cmp/u;
    %jmp/1 T_9.2, 6;
    %dup/vec4;
    %pushi/vec4 3, 0, 3;
    %cmp/u;
    %jmp/1 T_9.3, 6;
    %dup/vec4;
    %pushi/vec4 4, 0, 3;
    %cmp/u;
    %jmp/1 T_9.4, 6;
    %pushi/vec4 0, 0, 32;
    %store/vec4 v0x562bc2db39e0_0, 0, 32;
    %jmp T_9.6;
T_9.0 ;
    %load/vec4 v0x562bc2db3bf0_0;
    %parti/s 1, 24, 6;
    %replicate 20;
    %load/vec4 v0x562bc2db3bf0_0;
    %parti/s 12, 13, 5;
    %concat/vec4; draw_concat_vec4
    %store/vec4 v0x562bc2db39e0_0, 0, 32;
    %jmp T_9.6;
T_9.1 ;
    %load/vec4 v0x562bc2db3bf0_0;
    %parti/s 1, 24, 6;
    %replicate 20;
    %load/vec4 v0x562bc2db3bf0_0;
    %parti/s 7, 18, 6;
    %concat/vec4; draw_concat_vec4
    %load/vec4 v0x562bc2db3bf0_0;
    %parti/s 5, 0, 2;
    %concat/vec4; draw_concat_vec4
    %store/vec4 v0x562bc2db39e0_0, 0, 32;
    %jmp T_9.6;
T_9.2 ;
    %load/vec4 v0x562bc2db3bf0_0;
    %parti/s 1, 24, 6;
    %replicate 20;
    %load/vec4 v0x562bc2db3bf0_0;
    %parti/s 1, 0, 2;
    %concat/vec4; draw_concat_vec4
    %load/vec4 v0x562bc2db3bf0_0;
    %parti/s 6, 18, 6;
    %concat/vec4; draw_concat_vec4
    %load/vec4 v0x562bc2db3bf0_0;
    %parti/s 4, 1, 2;
    %concat/vec4; draw_concat_vec4
    %concati/vec4 0, 0, 1;
    %store/vec4 v0x562bc2db39e0_0, 0, 32;
    %jmp T_9.6;
T_9.3 ;
    %load/vec4 v0x562bc2db3bf0_0;
    %parti/s 1, 24, 6;
    %replicate 12;
    %load/vec4 v0x562bc2db3bf0_0;
    %parti/s 8, 5, 4;
    %concat/vec4; draw_concat_vec4
    %load/vec4 v0x562bc2db3bf0_0;
    %parti/s 1, 13, 5;
    %concat/vec4; draw_concat_vec4
    %load/vec4 v0x562bc2db3bf0_0;
    %parti/s 10, 14, 5;
    %concat/vec4; draw_concat_vec4
    %concati/vec4 0, 0, 1;
    %store/vec4 v0x562bc2db39e0_0, 0, 32;
    %jmp T_9.6;
T_9.4 ;
    %load/vec4 v0x562bc2db3bf0_0;
    %parti/s 20, 5, 4;
    %concati/vec4 0, 0, 12;
    %store/vec4 v0x562bc2db39e0_0, 0, 32;
    %jmp T_9.6;
T_9.6 ;
    %pop/vec4 1;
    %jmp T_9;
    .thread T_9, $push;
    .scope S_0x562bc2dae940;
T_10 ;
Ewait_5 .event/or E_0x562bc2d11e80, E_0x0;
    %wait Ewait_5;
    %load/vec4 v0x562bc2daeb90_0;
    %dup/vec4;
    %pushi/vec4 0, 0, 4;
    %cmp/u;
    %jmp/1 T_10.0, 6;
    %dup/vec4;
    %pushi/vec4 1, 0, 4;
    %cmp/u;
    %jmp/1 T_10.1, 6;
    %dup/vec4;
    %pushi/vec4 2, 0, 4;
    %cmp/u;
    %jmp/1 T_10.2, 6;
    %dup/vec4;
    %pushi/vec4 3, 0, 4;
    %cmp/u;
    %jmp/1 T_10.3, 6;
    %dup/vec4;
    %pushi/vec4 4, 0, 4;
    %cmp/u;
    %jmp/1 T_10.4, 6;
    %dup/vec4;
    %pushi/vec4 5, 0, 4;
    %cmp/u;
    %jmp/1 T_10.5, 6;
    %dup/vec4;
    %pushi/vec4 6, 0, 4;
    %cmp/u;
    %jmp/1 T_10.6, 6;
    %dup/vec4;
    %pushi/vec4 7, 0, 4;
    %cmp/u;
    %jmp/1 T_10.7, 6;
    %dup/vec4;
    %pushi/vec4 8, 0, 4;
    %cmp/u;
    %jmp/1 T_10.8, 6;
    %dup/vec4;
    %pushi/vec4 9, 0, 4;
    %cmp/u;
    %jmp/1 T_10.9, 6;
    %pushi/vec4 0, 0, 32;
    %store/vec4 v0x562bc2daec90_0, 0, 32;
    %jmp T_10.11;
T_10.0 ;
    %load/vec4 v0x562bc2daed70_0;
    %load/vec4 v0x562bc2daee30_0;
    %add;
    %store/vec4 v0x562bc2daec90_0, 0, 32;
    %jmp T_10.11;
T_10.1 ;
    %load/vec4 v0x562bc2daed70_0;
    %load/vec4 v0x562bc2daee30_0;
    %sub;
    %store/vec4 v0x562bc2daec90_0, 0, 32;
    %jmp T_10.11;
T_10.2 ;
    %load/vec4 v0x562bc2daed70_0;
    %load/vec4 v0x562bc2daee30_0;
    %and;
    %store/vec4 v0x562bc2daec90_0, 0, 32;
    %jmp T_10.11;
T_10.3 ;
    %load/vec4 v0x562bc2daed70_0;
    %load/vec4 v0x562bc2daee30_0;
    %or;
    %store/vec4 v0x562bc2daec90_0, 0, 32;
    %jmp T_10.11;
T_10.4 ;
    %load/vec4 v0x562bc2daed70_0;
    %load/vec4 v0x562bc2daee30_0;
    %parti/s 5, 0, 2;
    %ix/vec4 4;
    %shiftl 4;
    %store/vec4 v0x562bc2daec90_0, 0, 32;
    %jmp T_10.11;
T_10.5 ;
    %pushi/vec4 0, 0, 31;
    %load/vec4 v0x562bc2daed70_0;
    %load/vec4 v0x562bc2daee30_0;
    %cmp/s;
    %flag_get/vec4 5;
    %concat/vec4; draw_concat_vec4
    %store/vec4 v0x562bc2daec90_0, 0, 32;
    %jmp T_10.11;
T_10.6 ;
    %load/vec4 v0x562bc2daed70_0;
    %load/vec4 v0x562bc2daee30_0;
    %parti/s 5, 0, 2;
    %ix/vec4 4;
    %shiftr 4;
    %store/vec4 v0x562bc2daec90_0, 0, 32;
    %jmp T_10.11;
T_10.7 ;
    %load/vec4 v0x562bc2daed70_0;
    %load/vec4 v0x562bc2daee30_0;
    %parti/s 5, 0, 2;
    %ix/vec4 4;
    %shiftr/s 4;
    %store/vec4 v0x562bc2daec90_0, 0, 32;
    %jmp T_10.11;
T_10.8 ;
    %load/vec4 v0x562bc2daed70_0;
    %load/vec4 v0x562bc2daee30_0;
    %xor;
    %store/vec4 v0x562bc2daec90_0, 0, 32;
    %jmp T_10.11;
T_10.9 ;
    %pushi/vec4 0, 0, 31;
    %load/vec4 v0x562bc2daed70_0;
    %load/vec4 v0x562bc2daee30_0;
    %cmp/u;
    %flag_get/vec4 5;
    %concat/vec4; draw_concat_vec4
    %store/vec4 v0x562bc2daec90_0, 0, 32;
    %jmp T_10.11;
T_10.11 ;
    %pop/vec4 1;
    %jmp T_10;
    .thread T_10, $push;
    .scope S_0x562bc2db89a0;
T_11 ;
Ewait_6 .event/or E_0x562bc2db8b30, E_0x0;
    %wait Ewait_6;
    %pushi/vec4 0, 0, 32;
    %store/vec4 v0x562bc2db8e90_0, 0, 32;
    %pushi/vec4 0, 0, 4;
    %store/vec4 v0x562bc2db8cb0_0, 0, 4;
    %load/vec4 v0x562bc2db8d70_0;
    %dup/vec4;
    %pushi/vec4 0, 0, 2;
    %cmp/u;
    %jmp/1 T_11.0, 6;
    %dup/vec4;
    %pushi/vec4 1, 0, 2;
    %cmp/u;
    %jmp/1 T_11.1, 6;
    %dup/vec4;
    %pushi/vec4 2, 0, 2;
    %cmp/u;
    %jmp/1 T_11.2, 6;
    %pushi/vec4 0, 0, 32;
    %store/vec4 v0x562bc2db8e90_0, 0, 32;
    %pushi/vec4 0, 0, 4;
    %store/vec4 v0x562bc2db8cb0_0, 0, 4;
    %jmp T_11.4;
T_11.0 ;
    %load/vec4 v0x562bc2db8bd0_0;
    %parti/s 2, 0, 2;
    %dup/vec4;
    %pushi/vec4 0, 0, 2;
    %cmp/u;
    %jmp/1 T_11.5, 6;
    %dup/vec4;
    %pushi/vec4 1, 0, 2;
    %cmp/u;
    %jmp/1 T_11.6, 6;
    %dup/vec4;
    %pushi/vec4 2, 0, 2;
    %cmp/u;
    %jmp/1 T_11.7, 6;
    %dup/vec4;
    %pushi/vec4 3, 0, 2;
    %cmp/u;
    %jmp/1 T_11.8, 6;
    %jmp T_11.9;
T_11.5 ;
    %pushi/vec4 0, 0, 24;
    %load/vec4 v0x562bc2db8f30_0;
    %parti/s 8, 0, 2;
    %concat/vec4; draw_concat_vec4
    %store/vec4 v0x562bc2db8e90_0, 0, 32;
    %pushi/vec4 1, 0, 4;
    %store/vec4 v0x562bc2db8cb0_0, 0, 4;
    %jmp T_11.9;
T_11.6 ;
    %pushi/vec4 0, 0, 16;
    %load/vec4 v0x562bc2db8f30_0;
    %parti/s 8, 0, 2;
    %concat/vec4; draw_concat_vec4
    %concati/vec4 0, 0, 8;
    %store/vec4 v0x562bc2db8e90_0, 0, 32;
    %pushi/vec4 2, 0, 4;
    %store/vec4 v0x562bc2db8cb0_0, 0, 4;
    %jmp T_11.9;
T_11.7 ;
    %pushi/vec4 0, 0, 8;
    %load/vec4 v0x562bc2db8f30_0;
    %parti/s 8, 0, 2;
    %concat/vec4; draw_concat_vec4
    %concati/vec4 0, 0, 16;
    %store/vec4 v0x562bc2db8e90_0, 0, 32;
    %pushi/vec4 4, 0, 4;
    %store/vec4 v0x562bc2db8cb0_0, 0, 4;
    %jmp T_11.9;
T_11.8 ;
    %load/vec4 v0x562bc2db8f30_0;
    %parti/s 8, 0, 2;
    %concati/vec4 0, 0, 24;
    %store/vec4 v0x562bc2db8e90_0, 0, 32;
    %pushi/vec4 8, 0, 4;
    %store/vec4 v0x562bc2db8cb0_0, 0, 4;
    %jmp T_11.9;
T_11.9 ;
    %pop/vec4 1;
    %jmp T_11.4;
T_11.1 ;
    %load/vec4 v0x562bc2db8bd0_0;
    %parti/s 1, 1, 2;
    %dup/vec4;
    %pushi/vec4 0, 0, 1;
    %cmp/u;
    %jmp/1 T_11.10, 6;
    %dup/vec4;
    %pushi/vec4 1, 0, 1;
    %cmp/u;
    %jmp/1 T_11.11, 6;
    %jmp T_11.12;
T_11.10 ;
    %pushi/vec4 0, 0, 16;
    %load/vec4 v0x562bc2db8f30_0;
    %parti/s 16, 0, 2;
    %concat/vec4; draw_concat_vec4
    %store/vec4 v0x562bc2db8e90_0, 0, 32;
    %pushi/vec4 3, 0, 4;
    %store/vec4 v0x562bc2db8cb0_0, 0, 4;
    %jmp T_11.12;
T_11.11 ;
    %load/vec4 v0x562bc2db8f30_0;
    %parti/s 16, 0, 2;
    %concati/vec4 0, 0, 16;
    %store/vec4 v0x562bc2db8e90_0, 0, 32;
    %pushi/vec4 12, 0, 4;
    %store/vec4 v0x562bc2db8cb0_0, 0, 4;
    %jmp T_11.12;
T_11.12 ;
    %pop/vec4 1;
    %jmp T_11.4;
T_11.2 ;
    %load/vec4 v0x562bc2db8f30_0;
    %store/vec4 v0x562bc2db8e90_0, 0, 32;
    %pushi/vec4 15, 0, 4;
    %store/vec4 v0x562bc2db8cb0_0, 0, 4;
    %jmp T_11.4;
T_11.4 ;
    %pop/vec4 1;
    %jmp T_11;
    .thread T_11, $push;
    .scope S_0x562bc2db22f0;
T_12 ;
    %fork t_1, S_0x562bc2db2610;
    %jmp t_0;
    .scope S_0x562bc2db2610;
t_1 ;
    %pushi/vec4 0, 0, 32;
    %store/vec4 v0x562bc2db2810_0, 0, 32;
T_12.0 ;
    %load/vec4 v0x562bc2db2810_0;
    %cmpi/s 256, 0, 32;
    %jmp/0xz T_12.1, 5;
    %pushi/vec4 0, 0, 32;
    %ix/getv/s 4, v0x562bc2db2810_0;
    %store/vec4a v0x562bc2db3590, 4, 0;
    %load/vec4 v0x562bc2db2810_0;
    %addi 1, 0, 32;
    %store/vec4 v0x562bc2db2810_0, 0, 32;
    %jmp T_12.0;
T_12.1 ;
    %pushi/vec4 127, 0, 32;
    %ix/load 4, 0, 0;
    %flag_set/imm 4, 0;
    %store/vec4a v0x562bc2db3590, 4, 0;
    %pushi/vec4 300, 0, 32;
    %ix/load 4, 1, 0;
    %flag_set/imm 4, 0;
    %store/vec4a v0x562bc2db3590, 4, 0;
    %pushi/vec4 305418240, 0, 32;
    %ix/load 4, 2, 0;
    %flag_set/imm 4, 0;
    %store/vec4a v0x562bc2db3590, 4, 0;
    %end;
    .scope S_0x562bc2db22f0;
t_0 %join;
    %end;
    .thread T_12;
    .scope S_0x562bc2db22f0;
T_13 ;
    %wait E_0x562bc2db25b0;
    %load/vec4 v0x562bc2db2ae0_0;
    %cmpi/e 1, 0, 1;
    %flag_get/vec4 6;
    %jmp/0 T_13.2, 6;
    %load/vec4 v0x562bc2db2910_0;
    %parti/s 30, 2, 3;
    %pad/u 32;
    %cmpi/u 256, 0, 32;
    %flag_get/vec4 5;
    %and;
T_13.2;
    %flag_set/vec4 8;
    %jmp/0xz  T_13.0, 8;
    %load/vec4 v0x562bc2db2a20_0;
    %parti/s 1, 0, 2;
    %flag_set/vec4 8;
    %jmp/0xz  T_13.3, 8;
    %load/vec4 v0x562bc2db2cc0_0;
    %parti/s 8, 0, 2;
    %load/vec4 v0x562bc2db2910_0;
    %parti/s 30, 2, 3;
    %ix/vec4 3;
    %ix/load 4, 0, 0; Constant delay
    %assign/vec4/a/d v0x562bc2db3590, 0, 4;
T_13.3 ;
    %load/vec4 v0x562bc2db2a20_0;
    %parti/s 1, 1, 2;
    %flag_set/vec4 8;
    %jmp/0xz  T_13.5, 8;
    %load/vec4 v0x562bc2db2cc0_0;
    %parti/s 8, 8, 5;
    %load/vec4 v0x562bc2db2910_0;
    %parti/s 30, 2, 3;
    %ix/vec4 3;
    %ix/load 4, 8, 0; part off
    %ix/load 5, 0, 0; Constant delay
    %assign/vec4/a/d v0x562bc2db3590, 4, 5;
T_13.5 ;
    %load/vec4 v0x562bc2db2a20_0;
    %parti/s 1, 2, 3;
    %flag_set/vec4 8;
    %jmp/0xz  T_13.7, 8;
    %load/vec4 v0x562bc2db2cc0_0;
    %parti/s 8, 16, 6;
    %load/vec4 v0x562bc2db2910_0;
    %parti/s 30, 2, 3;
    %ix/vec4 3;
    %ix/load 4, 16, 0; part off
    %ix/load 5, 0, 0; Constant delay
    %assign/vec4/a/d v0x562bc2db3590, 4, 5;
T_13.7 ;
    %load/vec4 v0x562bc2db2a20_0;
    %parti/s 1, 3, 3;
    %flag_set/vec4 8;
    %jmp/0xz  T_13.9, 8;
    %load/vec4 v0x562bc2db2cc0_0;
    %parti/s 8, 24, 6;
    %load/vec4 v0x562bc2db2910_0;
    %parti/s 30, 2, 3;
    %ix/vec4 3;
    %ix/load 4, 24, 0; part off
    %ix/load 5, 0, 0; Constant delay
    %assign/vec4/a/d v0x562bc2db3590, 4, 5;
T_13.9 ;
T_13.0 ;
    %jmp T_13;
    .thread T_13;
    .scope S_0x562bc2db4650;
T_14 ;
Ewait_7 .event/or E_0x562bc2db4830, E_0x0;
    %wait Ewait_7;
    %load/vec4 v0x562bc2db48e0_0;
    %parti/s 2, 0, 2;
    %dup/vec4;
    %pushi/vec4 0, 0, 2;
    %cmp/u;
    %jmp/1 T_14.0, 6;
    %dup/vec4;
    %pushi/vec4 1, 0, 2;
    %cmp/u;
    %jmp/1 T_14.1, 6;
    %dup/vec4;
    %pushi/vec4 2, 0, 2;
    %cmp/u;
    %jmp/1 T_14.2, 6;
    %dup/vec4;
    %pushi/vec4 3, 0, 2;
    %cmp/u;
    %jmp/1 T_14.3, 6;
    %pushi/vec4 0, 0, 8;
    %store/vec4 v0x562bc2db4a10_0, 0, 8;
    %jmp T_14.5;
T_14.0 ;
    %load/vec4 v0x562bc2db4df0_0;
    %parti/s 8, 0, 2;
    %store/vec4 v0x562bc2db4a10_0, 0, 8;
    %jmp T_14.5;
T_14.1 ;
    %load/vec4 v0x562bc2db4df0_0;
    %parti/s 8, 8, 5;
    %store/vec4 v0x562bc2db4a10_0, 0, 8;
    %jmp T_14.5;
T_14.2 ;
    %load/vec4 v0x562bc2db4df0_0;
    %parti/s 8, 16, 6;
    %store/vec4 v0x562bc2db4a10_0, 0, 8;
    %jmp T_14.5;
T_14.3 ;
    %load/vec4 v0x562bc2db4df0_0;
    %parti/s 8, 24, 6;
    %store/vec4 v0x562bc2db4a10_0, 0, 8;
    %jmp T_14.5;
T_14.5 ;
    %pop/vec4 1;
    %load/vec4 v0x562bc2db48e0_0;
    %parti/s 1, 1, 2;
    %dup/vec4;
    %pushi/vec4 0, 0, 1;
    %cmp/u;
    %jmp/1 T_14.6, 6;
    %dup/vec4;
    %pushi/vec4 1, 0, 1;
    %cmp/u;
    %jmp/1 T_14.7, 6;
    %pushi/vec4 0, 0, 16;
    %store/vec4 v0x562bc2db4af0_0, 0, 16;
    %jmp T_14.9;
T_14.6 ;
    %load/vec4 v0x562bc2db4df0_0;
    %parti/s 16, 0, 2;
    %store/vec4 v0x562bc2db4af0_0, 0, 16;
    %jmp T_14.9;
T_14.7 ;
    %load/vec4 v0x562bc2db4df0_0;
    %parti/s 16, 16, 6;
    %store/vec4 v0x562bc2db4af0_0, 0, 16;
    %jmp T_14.9;
T_14.9 ;
    %pop/vec4 1;
    %load/vec4 v0x562bc2db4c90_0;
    %dup/vec4;
    %pushi/vec4 0, 0, 3;
    %cmp/u;
    %jmp/1 T_14.10, 6;
    %dup/vec4;
    %pushi/vec4 1, 0, 3;
    %cmp/u;
    %jmp/1 T_14.11, 6;
    %dup/vec4;
    %pushi/vec4 2, 0, 3;
    %cmp/u;
    %jmp/1 T_14.12, 6;
    %dup/vec4;
    %pushi/vec4 4, 0, 3;
    %cmp/u;
    %jmp/1 T_14.13, 6;
    %dup/vec4;
    %pushi/vec4 5, 0, 3;
    %cmp/u;
    %jmp/1 T_14.14, 6;
    %pushi/vec4 0, 0, 32;
    %store/vec4 v0x562bc2db4bb0_0, 0, 32;
    %jmp T_14.16;
T_14.10 ;
    %load/vec4 v0x562bc2db4a10_0;
    %parti/s 1, 7, 4;
    %replicate 24;
    %load/vec4 v0x562bc2db4a10_0;
    %concat/vec4; draw_concat_vec4
    %store/vec4 v0x562bc2db4bb0_0, 0, 32;
    %jmp T_14.16;
T_14.11 ;
    %load/vec4 v0x562bc2db4af0_0;
    %parti/s 1, 15, 5;
    %replicate 16;
    %load/vec4 v0x562bc2db4af0_0;
    %concat/vec4; draw_concat_vec4
    %store/vec4 v0x562bc2db4bb0_0, 0, 32;
    %jmp T_14.16;
T_14.12 ;
    %load/vec4 v0x562bc2db4df0_0;
    %store/vec4 v0x562bc2db4bb0_0, 0, 32;
    %jmp T_14.16;
T_14.13 ;
    %pushi/vec4 0, 0, 24;
    %load/vec4 v0x562bc2db4a10_0;
    %concat/vec4; draw_concat_vec4
    %store/vec4 v0x562bc2db4bb0_0, 0, 32;
    %jmp T_14.16;
T_14.14 ;
    %pushi/vec4 0, 0, 16;
    %load/vec4 v0x562bc2db4af0_0;
    %concat/vec4; draw_concat_vec4
    %store/vec4 v0x562bc2db4bb0_0, 0, 32;
    %jmp T_14.16;
T_14.16 ;
    %pop/vec4 1;
    %jmp T_14;
    .thread T_14, $push;
    .scope S_0x562bc2d84690;
T_15 ;
    %delay 5, 0;
    %load/vec4 v0x562bc2dbb190_0;
    %inv;
    %store/vec4 v0x562bc2dbb190_0, 0, 1;
    %jmp T_15;
    .thread T_15;
    .scope S_0x562bc2d84690;
T_16 ;
    %pushi/vec4 0, 0, 1;
    %store/vec4 v0x562bc2dbb190_0, 0, 1;
    %pushi/vec4 1, 0, 1;
    %store/vec4 v0x562bc2dbb230_0, 0, 1;
    %delay 10, 0;
    %vpi_call/w 3 161 "$display", "=========================================" {0 0 0};
    %vpi_call/w 3 162 "$display", "  Testbench completo RISC-V uniciclo" {0 0 0};
    %vpi_call/w 3 163 "$display", "=========================================" {0 0 0};
    %fork TD_riscv_top_tb.run_programa1, S_0x562bc2dbadd0;
    %join;
    %vpi_call/w 3 167 "$display", "\000" {0 0 0};
    %fork TD_riscv_top_tb.run_programa2, S_0x562bc2dbafb0;
    %join;
    %vpi_call/w 3 171 "$display", "\000" {0 0 0};
    %vpi_call/w 3 172 "$display", "=========================================" {0 0 0};
    %vpi_call/w 3 173 "$display", "  Fin de simulaci\303\263n" {0 0 0};
    %vpi_call/w 3 174 "$display", "=========================================" {0 0 0};
    %vpi_call/w 3 175 "$finish" {0 0 0};
    %end;
    .thread T_16;
# The file index is used to find the file name in the following table.
:file_names 19;
    "N/A";
    "<interactive>";
    "-";
    "tb/riscv_top_tb.sv";
    "src/riscv_top.sv";
    "src/alu.sv";
    "src/control_unit.sv";
    "src/alu_deco.sv";
    "src/branch_unit.sv";
    "src/main_deco.sv";
    "src/data_mem.sv";
    "src/extend.sv";
    "src/instruction_mem.sv";
    "src/load_unit.sv";
    "src/mux41.sv";
    "src/mux21.sv";
    "src/pc.sv";
    "src/register_file.sv";
    "src/store_unit.sv";
