#! /usr/bin/vvp
:ivl_version "12.0 (stable)";
:ivl_delay_selection "TYPICAL";
:vpi_time_precision - 12;
:vpi_module "/usr/lib/x86_64-linux-gnu/ivl/system.vpi";
:vpi_module "/usr/lib/x86_64-linux-gnu/ivl/vhdl_sys.vpi";
:vpi_module "/usr/lib/x86_64-linux-gnu/ivl/vhdl_textio.vpi";
:vpi_module "/usr/lib/x86_64-linux-gnu/ivl/v2005_math.vpi";
:vpi_module "/usr/lib/x86_64-linux-gnu/ivl/va_math.vpi";
:vpi_module "/usr/lib/x86_64-linux-gnu/ivl/v2009.vpi";
S_0x5d742876a490 .scope package, "$unit" "$unit" 2 1;
 .timescale 0 0;
S_0x5d742876a620 .scope module, "tb_store_unit" "tb_store_unit" 3 3;
 .timescale -9 -12;
v0x5d74287cd5e0_0 .var "ALUResult", 31 0;
v0x5d74287cd6c0_0 .net "ByteEnable", 3 0, v0x5d74287cd190_0;  1 drivers
v0x5d74287cd760_0 .var "StoreType", 1 0;
v0x5d74287cd800_0 .net "WriteData", 31 0, v0x5d74287cd330_0;  1 drivers
v0x5d74287cd8d0_0 .var "rs2", 31 0;
S_0x5d74287aad50 .scope task, "check" "check" 3 19, 3 19 0, S_0x5d742876a620;
 .timescale -9 -12;
v0x5d74287aaee0_0 .var "addr", 31 0;
v0x5d74287cc9e0_0 .var "data", 31 0;
v0x5d74287ccac0_0 .var "expected_be", 3 0;
v0x5d74287ccb80_0 .var "expected_wd", 31 0;
v0x5d74287ccc60_0 .var/str "name";
v0x5d74287ccd70_0 .var "st", 1 0;
TD_tb_store_unit.check ;
    %load/vec4 v0x5d74287ccd70_0;
    %store/vec4 v0x5d74287cd760_0, 0, 2;
    %load/vec4 v0x5d74287aaee0_0;
    %store/vec4 v0x5d74287cd5e0_0, 0, 32;
    %load/vec4 v0x5d74287cc9e0_0;
    %store/vec4 v0x5d74287cd8d0_0, 0, 32;
    %delay 1000, 0;
    %load/vec4 v0x5d74287cd800_0;
    %load/vec4 v0x5d74287ccb80_0;
    %cmp/ne;
    %jmp/1 T_0.2, 6;
    %flag_mov 8, 6;
    %load/vec4 v0x5d74287cd6c0_0;
    %load/vec4 v0x5d74287ccac0_0;
    %cmp/ne;
    %flag_or 6, 8;
T_0.2;
    %jmp/0xz  T_0.0, 6;
    %vpi_call/w 3 33 "$display", "ERROR en %s", v0x5d74287ccc60_0 {0 0 0};
    %vpi_call/w 3 34 "$display", "  rs2        = %h", v0x5d74287cd8d0_0 {0 0 0};
    %vpi_call/w 3 35 "$display", "  ALUResult  = %h", v0x5d74287cd5e0_0 {0 0 0};
    %vpi_call/w 3 36 "$display", "  StoreType  = %b", v0x5d74287cd760_0 {0 0 0};
    %vpi_call/w 3 37 "$display", "  esperado WD = %h", v0x5d74287ccb80_0 {0 0 0};
    %vpi_call/w 3 38 "$display", "  obtenido WD = %h", v0x5d74287cd800_0 {0 0 0};
    %vpi_call/w 3 39 "$display", "  esperado BE = %b", v0x5d74287ccac0_0 {0 0 0};
    %vpi_call/w 3 40 "$display", "  obtenido BE = %b", v0x5d74287cd6c0_0 {0 0 0};
    %jmp T_0.1;
T_0.0 ;
    %vpi_call/w 3 42 "$display", "OK: %s -> WriteData=%h ByteEnable=%b", v0x5d74287ccc60_0, v0x5d74287cd800_0, v0x5d74287cd6c0_0 {0 0 0};
T_0.1 ;
    %end;
S_0x5d74287cce50 .scope module, "dut" "store_unit" 3 11, 4 1 0, S_0x5d742876a620;
 .timescale -9 -12;
    .port_info 0 /INPUT 32 "rs2";
    .port_info 1 /INPUT 32 "ALUResult";
    .port_info 2 /INPUT 2 "StoreType";
    .port_info 3 /OUTPUT 32 "WriteData";
    .port_info 4 /OUTPUT 4 "ByteEnable";
v0x5d74287cd090_0 .net "ALUResult", 31 0, v0x5d74287cd5e0_0;  1 drivers
v0x5d74287cd190_0 .var "ByteEnable", 3 0;
v0x5d74287cd270_0 .net "StoreType", 1 0, v0x5d74287cd760_0;  1 drivers
v0x5d74287cd330_0 .var "WriteData", 31 0;
v0x5d74287cd410_0 .net "rs2", 31 0, v0x5d74287cd8d0_0;  1 drivers
E_0x5d74287ab950/0 .event anyedge, v0x5d74287cd270_0, v0x5d74287cd090_0, v0x5d74287cd410_0, v0x5d74287cd090_0;
E_0x5d74287ab950/1 .event anyedge, v0x5d74287cd410_0, v0x5d74287cd410_0;
E_0x5d74287ab950 .event/or E_0x5d74287ab950/0, E_0x5d74287ab950/1;
    .scope S_0x5d74287cce50;
T_1 ;
Ewait_0 .event/or E_0x5d74287ab950, E_0x0;
    %wait Ewait_0;
    %pushi/vec4 0, 0, 32;
    %store/vec4 v0x5d74287cd330_0, 0, 32;
    %pushi/vec4 0, 0, 4;
    %store/vec4 v0x5d74287cd190_0, 0, 4;
    %load/vec4 v0x5d74287cd270_0;
    %dup/vec4;
    %pushi/vec4 0, 0, 2;
    %cmp/u;
    %jmp/1 T_1.0, 6;
    %dup/vec4;
    %pushi/vec4 1, 0, 2;
    %cmp/u;
    %jmp/1 T_1.1, 6;
    %dup/vec4;
    %pushi/vec4 2, 0, 2;
    %cmp/u;
    %jmp/1 T_1.2, 6;
    %pushi/vec4 0, 0, 32;
    %store/vec4 v0x5d74287cd330_0, 0, 32;
    %pushi/vec4 0, 0, 4;
    %store/vec4 v0x5d74287cd190_0, 0, 4;
    %jmp T_1.4;
T_1.0 ;
    %load/vec4 v0x5d74287cd090_0;
    %parti/s 2, 0, 2;
    %dup/vec4;
    %pushi/vec4 0, 0, 2;
    %cmp/u;
    %jmp/1 T_1.5, 6;
    %dup/vec4;
    %pushi/vec4 1, 0, 2;
    %cmp/u;
    %jmp/1 T_1.6, 6;
    %dup/vec4;
    %pushi/vec4 2, 0, 2;
    %cmp/u;
    %jmp/1 T_1.7, 6;
    %dup/vec4;
    %pushi/vec4 3, 0, 2;
    %cmp/u;
    %jmp/1 T_1.8, 6;
    %jmp T_1.9;
T_1.5 ;
    %pushi/vec4 0, 0, 24;
    %load/vec4 v0x5d74287cd410_0;
    %parti/s 8, 0, 2;
    %concat/vec4; draw_concat_vec4
    %store/vec4 v0x5d74287cd330_0, 0, 32;
    %pushi/vec4 1, 0, 4;
    %store/vec4 v0x5d74287cd190_0, 0, 4;
    %jmp T_1.9;
T_1.6 ;
    %pushi/vec4 0, 0, 16;
    %load/vec4 v0x5d74287cd410_0;
    %parti/s 8, 0, 2;
    %concat/vec4; draw_concat_vec4
    %concati/vec4 0, 0, 8;
    %store/vec4 v0x5d74287cd330_0, 0, 32;
    %pushi/vec4 2, 0, 4;
    %store/vec4 v0x5d74287cd190_0, 0, 4;
    %jmp T_1.9;
T_1.7 ;
    %pushi/vec4 0, 0, 8;
    %load/vec4 v0x5d74287cd410_0;
    %parti/s 8, 0, 2;
    %concat/vec4; draw_concat_vec4
    %concati/vec4 0, 0, 16;
    %store/vec4 v0x5d74287cd330_0, 0, 32;
    %pushi/vec4 4, 0, 4;
    %store/vec4 v0x5d74287cd190_0, 0, 4;
    %jmp T_1.9;
T_1.8 ;
    %load/vec4 v0x5d74287cd410_0;
    %parti/s 8, 0, 2;
    %concati/vec4 0, 0, 24;
    %store/vec4 v0x5d74287cd330_0, 0, 32;
    %pushi/vec4 8, 0, 4;
    %store/vec4 v0x5d74287cd190_0, 0, 4;
    %jmp T_1.9;
T_1.9 ;
    %pop/vec4 1;
    %jmp T_1.4;
T_1.1 ;
    %load/vec4 v0x5d74287cd090_0;
    %parti/s 1, 1, 2;
    %dup/vec4;
    %pushi/vec4 0, 0, 1;
    %cmp/u;
    %jmp/1 T_1.10, 6;
    %dup/vec4;
    %pushi/vec4 1, 0, 1;
    %cmp/u;
    %jmp/1 T_1.11, 6;
    %jmp T_1.12;
T_1.10 ;
    %pushi/vec4 0, 0, 16;
    %load/vec4 v0x5d74287cd410_0;
    %parti/s 16, 0, 2;
    %concat/vec4; draw_concat_vec4
    %store/vec4 v0x5d74287cd330_0, 0, 32;
    %pushi/vec4 3, 0, 4;
    %store/vec4 v0x5d74287cd190_0, 0, 4;
    %jmp T_1.12;
T_1.11 ;
    %load/vec4 v0x5d74287cd410_0;
    %parti/s 16, 0, 2;
    %concati/vec4 0, 0, 16;
    %store/vec4 v0x5d74287cd330_0, 0, 32;
    %pushi/vec4 12, 0, 4;
    %store/vec4 v0x5d74287cd190_0, 0, 4;
    %jmp T_1.12;
T_1.12 ;
    %pop/vec4 1;
    %jmp T_1.4;
T_1.2 ;
    %load/vec4 v0x5d74287cd410_0;
    %store/vec4 v0x5d74287cd330_0, 0, 32;
    %pushi/vec4 15, 0, 4;
    %store/vec4 v0x5d74287cd190_0, 0, 4;
    %jmp T_1.4;
T_1.4 ;
    %pop/vec4 1;
    %jmp T_1;
    .thread T_1, $push;
    .scope S_0x5d742876a620;
T_2 ;
    %vpi_call/w 3 48 "$display", "===== TB STORE UNIT =====" {0 0 0};
    %pushi/vec4 0, 0, 2;
    %store/vec4 v0x5d74287ccd70_0, 0, 2;
    %pushi/vec4 0, 0, 32;
    %store/vec4 v0x5d74287aaee0_0, 0, 32;
    %pushi/vec4 2864434397, 0, 32;
    %store/vec4 v0x5d74287cc9e0_0, 0, 32;
    %pushi/vec4 221, 0, 32;
    %store/vec4 v0x5d74287ccb80_0, 0, 32;
    %pushi/vec4 1, 0, 4;
    %store/vec4 v0x5d74287ccac0_0, 0, 4;
    %pushi/str "sb offset 0";
    %store/str v0x5d74287ccc60_0;
    %fork TD_tb_store_unit.check, S_0x5d74287aad50;
    %join;
    %pushi/vec4 0, 0, 2;
    %store/vec4 v0x5d74287ccd70_0, 0, 2;
    %pushi/vec4 1, 0, 32;
    %store/vec4 v0x5d74287aaee0_0, 0, 32;
    %pushi/vec4 2864434397, 0, 32;
    %store/vec4 v0x5d74287cc9e0_0, 0, 32;
    %pushi/vec4 56576, 0, 32;
    %store/vec4 v0x5d74287ccb80_0, 0, 32;
    %pushi/vec4 2, 0, 4;
    %store/vec4 v0x5d74287ccac0_0, 0, 4;
    %pushi/str "sb offset 1";
    %store/str v0x5d74287ccc60_0;
    %fork TD_tb_store_unit.check, S_0x5d74287aad50;
    %join;
    %pushi/vec4 0, 0, 2;
    %store/vec4 v0x5d74287ccd70_0, 0, 2;
    %pushi/vec4 2, 0, 32;
    %store/vec4 v0x5d74287aaee0_0, 0, 32;
    %pushi/vec4 2864434397, 0, 32;
    %store/vec4 v0x5d74287cc9e0_0, 0, 32;
    %pushi/vec4 14483456, 0, 32;
    %store/vec4 v0x5d74287ccb80_0, 0, 32;
    %pushi/vec4 4, 0, 4;
    %store/vec4 v0x5d74287ccac0_0, 0, 4;
    %pushi/str "sb offset 2";
    %store/str v0x5d74287ccc60_0;
    %fork TD_tb_store_unit.check, S_0x5d74287aad50;
    %join;
    %pushi/vec4 0, 0, 2;
    %store/vec4 v0x5d74287ccd70_0, 0, 2;
    %pushi/vec4 3, 0, 32;
    %store/vec4 v0x5d74287aaee0_0, 0, 32;
    %pushi/vec4 2864434397, 0, 32;
    %store/vec4 v0x5d74287cc9e0_0, 0, 32;
    %pushi/vec4 3707764736, 0, 32;
    %store/vec4 v0x5d74287ccb80_0, 0, 32;
    %pushi/vec4 8, 0, 4;
    %store/vec4 v0x5d74287ccac0_0, 0, 4;
    %pushi/str "sb offset 3";
    %store/str v0x5d74287ccc60_0;
    %fork TD_tb_store_unit.check, S_0x5d74287aad50;
    %join;
    %pushi/vec4 1, 0, 2;
    %store/vec4 v0x5d74287ccd70_0, 0, 2;
    %pushi/vec4 0, 0, 32;
    %store/vec4 v0x5d74287aaee0_0, 0, 32;
    %pushi/vec4 2864434397, 0, 32;
    %store/vec4 v0x5d74287cc9e0_0, 0, 32;
    %pushi/vec4 52445, 0, 32;
    %store/vec4 v0x5d74287ccb80_0, 0, 32;
    %pushi/vec4 3, 0, 4;
    %store/vec4 v0x5d74287ccac0_0, 0, 4;
    %pushi/str "sh offset 0";
    %store/str v0x5d74287ccc60_0;
    %fork TD_tb_store_unit.check, S_0x5d74287aad50;
    %join;
    %pushi/vec4 1, 0, 2;
    %store/vec4 v0x5d74287ccd70_0, 0, 2;
    %pushi/vec4 2, 0, 32;
    %store/vec4 v0x5d74287aaee0_0, 0, 32;
    %pushi/vec4 2864434397, 0, 32;
    %store/vec4 v0x5d74287cc9e0_0, 0, 32;
    %pushi/vec4 3437035520, 0, 32;
    %store/vec4 v0x5d74287ccb80_0, 0, 32;
    %pushi/vec4 12, 0, 4;
    %store/vec4 v0x5d74287ccac0_0, 0, 4;
    %pushi/str "sh offset 2";
    %store/str v0x5d74287ccc60_0;
    %fork TD_tb_store_unit.check, S_0x5d74287aad50;
    %join;
    %pushi/vec4 2, 0, 2;
    %store/vec4 v0x5d74287ccd70_0, 0, 2;
    %pushi/vec4 0, 0, 32;
    %store/vec4 v0x5d74287aaee0_0, 0, 32;
    %pushi/vec4 2864434397, 0, 32;
    %store/vec4 v0x5d74287cc9e0_0, 0, 32;
    %pushi/vec4 2864434397, 0, 32;
    %store/vec4 v0x5d74287ccb80_0, 0, 32;
    %pushi/vec4 15, 0, 4;
    %store/vec4 v0x5d74287ccac0_0, 0, 4;
    %pushi/str "sw";
    %store/str v0x5d74287ccc60_0;
    %fork TD_tb_store_unit.check, S_0x5d74287aad50;
    %join;
    %vpi_call/w 3 76 "$display", "===== FIN TB STORE UNIT =====" {0 0 0};
    %vpi_call/w 3 77 "$finish" {0 0 0};
    %end;
    .thread T_2;
# The file index is used to find the file name in the following table.
:file_names 5;
    "N/A";
    "<interactive>";
    "-";
    "tb/store_unit_tb.sv";
    "src/store_unit.sv";
